This file contains any messages produced by compilers while
running configure, to aid debugging if configure makes a mistake.

It was created by libmodbus configure 3.1.4, which was
generated by GNU Autoconf 2.69.  Invocation command line was

  $ ./configure 

## --------- ##
## Platform. ##
## --------- ##

hostname = raspberrypi
uname -m = armv7l
uname -r = 4.14.98-v7+
uname -s = Linux
uname -v = #1200 SMP Tue Feb 12 20:27:48 GMT 2019

/usr/bin/uname -p = unknown
/bin/uname -X     = unknown

/bin/arch              = unknown
/usr/bin/arch -k       = unknown
/usr/convex/getsysinfo = unknown
/usr/bin/hostinfo      = unknown
/bin/machine           = unknown
/usr/bin/oslevel       = unknown
/bin/universe          = unknown

PATH: /usr/local/sbin
PATH: /usr/local/bin
PATH: /usr/sbin
PATH: /usr/bin
PATH: /sbin
PATH: /bin
PATH: /usr/local/games
PATH: /usr/games


## ----------- ##
## Core tests. ##
## ----------- ##

configure:2661: checking for a BSD-compatible install
configure:2729: result: /usr/bin/install -c
configure:2740: checking whether build environment is sane
configure:2795: result: yes
configure:2946: checking for a thread-safe mkdir -p
configure:2985: result: /bin/mkdir -p
configure:2992: checking for gawk
configure:3022: result: no
configure:2992: checking for mawk
configure:3008: found /usr/bin/mawk
configure:3019: result: mawk
configure:3030: checking whether make sets $(MAKE)
configure:3052: result: yes
configure:3081: checking whether make supports nested variables
configure:3098: result: yes
configure:3177: checking how to create a pax tar archive
configure:3188: tar --version
tar (GNU tar) 1.29
Copyright (C) 2015 Free Software Foundation, Inc.
License GPLv3+: GNU GPL version 3 or later <http://gnu.org/licenses/gpl.html>.
This is free software: you are free to change and redistribute it.
There is NO WARRANTY, to the extent permitted by law.

Written by John Gilmore and Jay Fenlason.
configure:3191: $? = 0
configure:3231: tardir=conftest.dir && eval tar --format=posix -chf - "$tardir" >conftest.tar
configure:3234: $? = 0
configure:3238: tar -xf - <conftest.tar
configure:3241: $? = 0
configure:3243: cat conftest.dir/file
GrepMe
configure:3246: $? = 0
configure:3259: result: gnutar
configure:3321: checking for style of include used by make
configure:3349: result: GNU
configure:3420: checking for gcc
configure:3436: found /usr/bin/gcc
configure:3447: result: gcc
configure:3676: checking for C compiler version
configure:3685: gcc --version >&5
gcc (Raspbian 6.3.0-18+rpi1+deb9u1) 6.3.0 20170516
Copyright (C) 2016 Free Software Foundation, Inc.
This is free software; see the source for copying conditions.  There is NO
warranty; not even for MERCHANTABILITY or FITNESS FOR A PARTICULAR PURPOSE.

configure:3696: $? = 0
configure:3685: gcc -v >&5
Using built-in specs.
COLLECT_GCC=gcc
COLLECT_LTO_WRAPPER=/usr/lib/gcc/arm-linux-gnueabihf/6/lto-wrapper
Target: arm-linux-gnueabihf
Configured with: ../src/configure -v --with-pkgversion='Raspbian 6.3.0-18+rpi1+deb9u1' --with-bugurl=file:///usr/share/doc/gcc-6/README.Bugs --enable-languages=c,ada,c++,java,go,d,fortran,objc,obj-c++ --prefix=/usr --program-suffix=-6 --program-prefix=arm-linux-gnueabihf- --enable-shared --enable-linker-build-id --libexecdir=/usr/lib --without-included-gettext --enable-threads=posix --libdir=/usr/lib --enable-nls --with-sysroot=/ --enable-clocale=gnu --enable-libstdcxx-debug --enable-libstdcxx-time=yes --with-default-libstdcxx-abi=new --enable-gnu-unique-object --disable-libitm --disable-libquadmath --enable-plugin --with-system-zlib --disable-browser-plugin --enable-java-awt=gtk --enable-gtk-cairo --with-java-home=/usr/lib/jvm/java-1.5.0-gcj-6-armhf/jre --enable-java-home --with-jvm-root-dir=/usr/lib/jvm/java-1.5.0-gcj-6-armhf --with-jvm-jar-dir=/usr/lib/jvm-exports/java-1.5.0-gcj-6-armhf --with-arch-directory=arm --with-ecj-jar=/usr/share/java/eclipse-ecj.jar --with-target-system-zlib --enable-objc-gc=auto --enable-multiarch --disable-sjlj-exceptions --with-arch=armv6 --with-fpu=vfp --with-float=hard --enable-checking=release --build=arm-linux-gnueabihf --host=arm-linux-gnueabihf --target=arm-linux-gnueabihf
Thread model: posix
gcc version 6.3.0 20170516 (Raspbian 6.3.0-18+rpi1+deb9u1) 
configure:3696: $? = 0
configure:3685: gcc -V >&5
gcc: error: unrecognized command line option '-V'
gcc: fatal error: no input files
compilation terminated.
configure:3696: $? = 1
configure:3685: gcc -qversion >&5
gcc: error: unrecognized command line option '-qversion'; did you mean '--version'?
gcc: fatal error: no input files
compilation terminated.
configure:3696: $? = 1
configure:3716: checking whether the C compiler works
configure:3738: gcc    conftest.c  >&5
configure:3742: $? = 0
configure:3790: result: yes
configure:3793: checking for C compiler default output file name
configure:3795: result: a.out
configure:3801: checking for suffix of executables
configure:3808: gcc -o conftest    conftest.c  >&5
configure:3812: $? = 0
configure:3834: result: 
configure:3856: checking whether we are cross compiling
configure:3864: gcc -o conftest    conftest.c  >&5
configure:3868: $? = 0
configure:3875: ./conftest
configure:3879: $? = 0
configure:3894: result: no
configure:3899: checking for suffix of object files
configure:3921: gcc -c   conftest.c >&5
configure:3925: $? = 0
configure:3946: result: o
configure:3950: checking whether we are using the GNU C compiler
configure:3969: gcc -c   conftest.c >&5
configure:3969: $? = 0
configure:3978: result: yes
configure:3987: checking whether gcc accepts -g
configure:4007: gcc -c -g  conftest.c >&5
configure:4007: $? = 0
configure:4048: result: yes
configure:4065: checking for gcc option to accept ISO C89
configure:4128: gcc  -c -g -O2  conftest.c >&5
configure:4128: $? = 0
configure:4141: result: none needed
configure:4166: checking whether gcc understands -c and -o together
configure:4188: gcc -c conftest.c -o conftest2.o
configure:4191: $? = 0
configure:4188: gcc -c conftest.c -o conftest2.o
configure:4191: $? = 0
configure:4203: result: yes
configure:4222: checking dependency style of gcc
configure:4333: result: gcc3
configure:4352: checking for gcc option to accept ISO C99
configure:4501: gcc  -c -g -O2  conftest.c >&5
configure:4501: $? = 0
configure:4514: result: none needed
configure:4622: checking for gcc option to accept ISO Standard C
configure:4633: result: none needed
configure:4646: checking how to run the C preprocessor
configure:4677: gcc -E  conftest.c
configure:4677: $? = 0
configure:4691: gcc -E  conftest.c
conftest.c:11:28: fatal error: ac_nonexistent.h: No such file or directory
 #include <ac_nonexistent.h>
                            ^
compilation terminated.
configure:4691: $? = 1
configure: failed program was:
| /* confdefs.h */
| #define PACKAGE_NAME "libmodbus"
| #define PACKAGE_TARNAME "libmodbus"
| #define PACKAGE_VERSION "3.1.4"
| #define PACKAGE_STRING "libmodbus 3.1.4"
| #define PACKAGE_BUGREPORT "https://github.com/stephane/libmodbus/issues"
| #define PACKAGE_URL "http://libmodbus.org/"
| #define PACKAGE "libmodbus"
| #define VERSION "3.1.4"
| /* end confdefs.h.  */
| #include <ac_nonexistent.h>
configure:4716: result: gcc -E
configure:4736: gcc -E  conftest.c
configure:4736: $? = 0
configure:4750: gcc -E  conftest.c
conftest.c:11:28: fatal error: ac_nonexistent.h: No such file or directory
 #include <ac_nonexistent.h>
                            ^
compilation terminated.
configure:4750: $? = 1
configure: failed program was:
| /* confdefs.h */
| #define PACKAGE_NAME "libmodbus"
| #define PACKAGE_TARNAME "libmodbus"
| #define PACKAGE_VERSION "3.1.4"
| #define PACKAGE_STRING "libmodbus 3.1.4"
| #define PACKAGE_BUGREPORT "https://github.com/stephane/libmodbus/issues"
| #define PACKAGE_URL "http://libmodbus.org/"
| #define PACKAGE "libmodbus"
| #define VERSION "3.1.4"
| /* end confdefs.h.  */
| #include <ac_nonexistent.h>
configure:4779: checking for grep that handles long lines and -e
configure:4837: result: /bin/grep
configure:4842: checking for egrep
configure:4904: result: /bin/grep -E
configure:4909: checking for ANSI C header files
configure:4929: gcc -c -g -O2  conftest.c >&5
configure:4929: $? = 0
configure:5002: gcc -o conftest -g -O2   conftest.c  >&5
configure:5002: $? = 0
configure:5002: ./conftest
configure:5002: $? = 0
configure:5013: result: yes
configure:5026: checking for sys/types.h
configure:5026: gcc -c -g -O2  conftest.c >&5
configure:5026: $? = 0
configure:5026: result: yes
configure:5026: checking for sys/stat.h
configure:5026: gcc -c -g -O2  conftest.c >&5
configure:5026: $? = 0
configure:5026: result: yes
configure:5026: checking for stdlib.h
configure:5026: gcc -c -g -O2  conftest.c >&5
configure:5026: $? = 0
configure:5026: result: yes
configure:5026: checking for string.h
configure:5026: gcc -c -g -O2  conftest.c >&5
configure:5026: $? = 0
configure:5026: result: yes
configure:5026: checking for memory.h
configure:5026: gcc -c -g -O2  conftest.c >&5
configure:5026: $? = 0
configure:5026: result: yes
configure:5026: checking for strings.h
configure:5026: gcc -c -g -O2  conftest.c >&5
configure:5026: $? = 0
configure:5026: result: yes
configure:5026: checking for inttypes.h
configure:5026: gcc -c -g -O2  conftest.c >&5
configure:5026: $? = 0
configure:5026: result: yes
configure:5026: checking for stdint.h
configure:5026: gcc -c -g -O2  conftest.c >&5
configure:5026: $? = 0
configure:5026: result: yes
configure:5026: checking for unistd.h
configure:5026: gcc -c -g -O2  conftest.c >&5
configure:5026: $? = 0
configure:5026: result: yes
configure:5039: checking minix/config.h usability
configure:5039: gcc -c -g -O2  conftest.c >&5
conftest.c:54:26: fatal error: minix/config.h: No such file or directory
 #include <minix/config.h>
                          ^
compilation terminated.
configure:5039: $? = 1
configure: failed program was:
| /* confdefs.h */
| #define PACKAGE_NAME "libmodbus"
| #define PACKAGE_TARNAME "libmodbus"
| #define PACKAGE_VERSION "3.1.4"
| #define PACKAGE_STRING "libmodbus 3.1.4"
| #define PACKAGE_BUGREPORT "https://github.com/stephane/libmodbus/issues"
| #define PACKAGE_URL "http://libmodbus.org/"
| #define PACKAGE "libmodbus"
| #define VERSION "3.1.4"
| #define STDC_HEADERS 1
| #define HAVE_SYS_TYPES_H 1
| #define HAVE_SYS_STAT_H 1
| #define HAVE_STDLIB_H 1
| #define HAVE_STRING_H 1
| #define HAVE_MEMORY_H 1
| #define HAVE_STRINGS_H 1
| #define HAVE_INTTYPES_H 1
| #define HAVE_STDINT_H 1
| #define HAVE_UNISTD_H 1
| /* end confdefs.h.  */
| #include <stdio.h>
| #ifdef HAVE_SYS_TYPES_H
| # include <sys/types.h>
| #endif
| #ifdef HAVE_SYS_STAT_H
| # include <sys/stat.h>
| #endif
| #ifdef STDC_HEADERS
| # include <stdlib.h>
| # include <stddef.h>
| #else
| # ifdef HAVE_STDLIB_H
| #  include <stdlib.h>
| # endif
| #endif
| #ifdef HAVE_STRING_H
| # if !defined STDC_HEADERS && defined HAVE_MEMORY_H
| #  include <memory.h>
| # endif
| # include <string.h>
| #endif
| #ifdef HAVE_STRINGS_H
| # include <strings.h>
| #endif
| #ifdef HAVE_INTTYPES_H
| # include <inttypes.h>
| #endif
| #ifdef HAVE_STDINT_H
| # include <stdint.h>
| #endif
| #ifdef HAVE_UNISTD_H
| # include <unistd.h>
| #endif
| #include <minix/config.h>
configure:5039: result: no
configure:5039: checking minix/config.h presence
configure:5039: gcc -E  conftest.c
conftest.c:21:26: fatal error: minix/config.h: No such file or directory
 #include <minix/config.h>
                          ^
compilation terminated.
configure:5039: $? = 1
configure: failed program was:
| /* confdefs.h */
| #define PACKAGE_NAME "libmodbus"
| #define PACKAGE_TARNAME "libmodbus"
| #define PACKAGE_VERSION "3.1.4"
| #define PACKAGE_STRING "libmodbus 3.1.4"
| #define PACKAGE_BUGREPORT "https://github.com/stephane/libmodbus/issues"
| #define PACKAGE_URL "http://libmodbus.org/"
| #define PACKAGE "libmodbus"
| #define VERSION "3.1.4"
| #define STDC_HEADERS 1
| #define HAVE_SYS_TYPES_H 1
| #define HAVE_SYS_STAT_H 1
| #define HAVE_STDLIB_H 1
| #define HAVE_STRING_H 1
| #define HAVE_MEMORY_H 1
| #define HAVE_STRINGS_H 1
| #define HAVE_INTTYPES_H 1
| #define HAVE_STDINT_H 1
| #define HAVE_UNISTD_H 1
| /* end confdefs.h.  */
| #include <minix/config.h>
configure:5039: result: no
configure:5039: checking for minix/config.h
configure:5039: result: no
configure:5060: checking whether it is safe to define __EXTENSIONS__
configure:5078: gcc -c -g -O2  conftest.c >&5
configure:5078: $? = 0
configure:5085: result: yes
configure:5106: checking for special C compiler options needed for large files
configure:5151: result: no
configure:5157: checking for _FILE_OFFSET_BITS value needed for large files
configure:5182: gcc -c -g -O2  conftest.c >&5
conftest.c:31:41: warning: result of '-2147483648l << 31' requires 63 bits to represent, but 'long int' only has 32 bits [-Wshift-overflow=]
 #define LARGE_OFF_T ((((off_t) 1 << 31) << 31) - 1 + (((off_t) 1 << 31) << 31))
                                         ^
conftest.c:32:23: note: in expansion of macro 'LARGE_OFF_T'
   int off_t_is_large[(LARGE_OFF_T % 2147483629 == 721
                       ^~~~~~~~~~~
conftest.c:31:73: warning: result of '-2147483648l << 31' requires 63 bits to represent, but 'long int' only has 32 bits [-Wshift-overflow=]
 #define LARGE_OFF_T ((((off_t) 1 << 31) << 31) - 1 + (((off_t) 1 << 31) << 31))
                                                                         ^
conftest.c:32:23: note: in expansion of macro 'LARGE_OFF_T'
   int off_t_is_large[(LARGE_OFF_T % 2147483629 == 721
                       ^~~~~~~~~~~
conftest.c:31:41: warning: result of '-2147483648l << 31' requires 63 bits to represent, but 'long int' only has 32 bits [-Wshift-overflow=]
 #define LARGE_OFF_T ((((off_t) 1 << 31) << 31) - 1 + (((off_t) 1 << 31) << 31))
                                         ^
conftest.c:33:13: note: in expansion of macro 'LARGE_OFF_T'
          && LARGE_OFF_T % 2147483647 == 1)
             ^~~~~~~~~~~
conftest.c:31:73: warning: result of '-2147483648l << 31' requires 63 bits to represent, but 'long int' only has 32 bits [-Wshift-overflow=]
 #define LARGE_OFF_T ((((off_t) 1 << 31) << 31) - 1 + (((off_t) 1 << 31) << 31))
                                                                         ^
conftest.c:33:13: note: in expansion of macro 'LARGE_OFF_T'
          && LARGE_OFF_T % 2147483647 == 1)
             ^~~~~~~~~~~
conftest.c:32:7: error: variably modified 'off_t_is_large' at file scope
   int off_t_is_large[(LARGE_OFF_T % 2147483629 == 721
       ^~~~~~~~~~~~~~
configure:5182: $? = 1
configure: failed program was:
| /* confdefs.h */
| #define PACKAGE_NAME "libmodbus"
| #define PACKAGE_TARNAME "libmodbus"
| #define PACKAGE_VERSION "3.1.4"
| #define PACKAGE_STRING "libmodbus 3.1.4"
| #define PACKAGE_BUGREPORT "https://github.com/stephane/libmodbus/issues"
| #define PACKAGE_URL "http://libmodbus.org/"
| #define PACKAGE "libmodbus"
| #define VERSION "3.1.4"
| #define STDC_HEADERS 1
| #define HAVE_SYS_TYPES_H 1
| #define HAVE_SYS_STAT_H 1
| #define HAVE_STDLIB_H 1
| #define HAVE_STRING_H 1
| #define HAVE_MEMORY_H 1
| #define HAVE_STRINGS_H 1
| #define HAVE_INTTYPES_H 1
| #define HAVE_STDINT_H 1
| #define HAVE_UNISTD_H 1
| #define __EXTENSIONS__ 1
| #define _ALL_SOURCE 1
| #define _GNU_SOURCE 1
| #define _POSIX_PTHREAD_SEMANTICS 1
| #define _TANDEM_SOURCE 1
| /* end confdefs.h.  */
| #include <sys/types.h>
|  /* Check that off_t can represent 2**63 - 1 correctly.
|     We can't simply define LARGE_OFF_T to be 9223372036854775807,
|     since some C++ compilers masquerading as C compilers
|     incorrectly reject 9223372036854775807.  */
| #define LARGE_OFF_T ((((off_t) 1 << 31) << 31) - 1 + (((off_t) 1 << 31) << 31))
|   int off_t_is_large[(LARGE_OFF_T % 2147483629 == 721
| 		       && LARGE_OFF_T % 2147483647 == 1)
| 		      ? 1 : -1];
| int
| main ()
| {
| 
|   ;
|   return 0;
| }
configure:5206: gcc -c -g -O2  conftest.c >&5
configure:5206: $? = 0
configure:5214: result: 64
configure:5311: checking whether make supports nested variables
configure:5328: result: yes
configure:5361: checking build system type
configure:5375: result: armv7l-unknown-linux-gnueabihf
configure:5395: checking host system type
configure:5408: result: armv7l-unknown-linux-gnueabihf
configure:5507: checking how to print strings
configure:5534: result: printf
configure:5555: checking for a sed that does not truncate output
configure:5619: result: /bin/sed
configure:5637: checking for fgrep
configure:5699: result: /bin/grep -F
configure:5734: checking for ld used by gcc
configure:5801: result: /usr/bin/ld
configure:5808: checking if the linker (/usr/bin/ld) is GNU ld
configure:5823: result: yes
configure:5835: checking for BSD- or MS-compatible name lister (nm)
configure:5889: result: /usr/bin/nm -B
configure:6019: checking the name lister (/usr/bin/nm -B) interface
configure:6026: gcc -c -g -O2  conftest.c >&5
configure:6029: /usr/bin/nm -B "conftest.o"
configure:6032: output
00000000 B some_variable
configure:6039: result: BSD nm
configure:6042: checking whether ln -s works
configure:6046: result: yes
configure:6054: checking the maximum length of command line arguments
configure:6185: result: 1572864
configure:6233: checking how to convert armv7l-unknown-linux-gnueabihf file names to armv7l-unknown-linux-gnueabihf format
configure:6273: result: func_convert_file_noop
configure:6280: checking how to convert armv7l-unknown-linux-gnueabihf file names to toolchain format
configure:6300: result: func_convert_file_noop
configure:6307: checking for /usr/bin/ld option to reload object files
configure:6314: result: -r
configure:6388: checking for objdump
configure:6404: found /usr/bin/objdump
configure:6415: result: objdump
configure:6444: checking how to recognize dependent libraries
configure:6644: result: pass_all
configure:6729: checking for dlltool
configure:6759: result: no
configure:6786: checking how to associate runtime and link libraries
configure:6813: result: printf %s\n
configure:6873: checking for ar
configure:6889: found /usr/bin/ar
configure:6900: result: ar
configure:6937: checking for archiver @FILE support
configure:6954: gcc -c -g -O2  conftest.c >&5
configure:6954: $? = 0
configure:6957: ar cru libconftest.a @conftest.lst >&5
ar: `u' modifier ignored since `D' is the default (see `U')
configure:6960: $? = 0
configure:6965: ar cru libconftest.a @conftest.lst >&5
ar: `u' modifier ignored since `D' is the default (see `U')
ar: conftest.o: No such file or directory
configure:6968: $? = 1
configure:6980: result: @
configure:7038: checking for strip
configure:7054: found /usr/bin/strip
configure:7065: result: strip
configure:7137: checking for ranlib
configure:7153: found /usr/bin/ranlib
configure:7164: result: ranlib
configure:7266: checking command to parse /usr/bin/nm -B output from gcc object
configure:7419: gcc -c -g -O2  conftest.c >&5
configure:7422: $? = 0
configure:7426: /usr/bin/nm -B conftest.o \| sed -n -e 's/^.*[ ]\([ABCDGIRSTW][ABCDGIRSTW]*\)[ ][ ]*\([_A-Za-z][_A-Za-z0-9]*\)$/\1 \2 \2/p' | sed '/ __gnu_lto/d' \> conftest.nm
configure:7429: $? = 0
configure:7495: gcc -o conftest -g -O2   conftest.c conftstm.o >&5
configure:7498: $? = 0
configure:7536: result: ok
configure:7583: checking for sysroot
configure:7613: result: no
configure:7620: checking for a working dd
configure:7658: result: /bin/dd
configure:7662: checking how to truncate binary pipes
configure:7677: result: /bin/dd bs=4096 count=1
configure:8006: checking for mt
configure:8022: found /bin/mt
configure:8033: result: mt
configure:8056: checking if mt is a manifest tool
configure:8062: mt '-?'
configure:8070: result: no
configure:8744: checking for dlfcn.h
configure:8744: gcc -c -g -O2  conftest.c >&5
configure:8744: $? = 0
configure:8744: result: yes
configure:9296: checking for objdir
configure:9311: result: .libs
configure:9575: checking if gcc supports -fno-rtti -fno-exceptions
configure:9593: gcc -c -g -O2  -fno-rtti -fno-exceptions conftest.c >&5
cc1: warning: command line option '-fno-rtti' is valid for C++/ObjC++ but not for C
configure:9597: $? = 0
configure:9610: result: no
configure:9968: checking for gcc option to produce PIC
configure:9975: result: -fPIC -DPIC
configure:9983: checking if gcc PIC flag -fPIC -DPIC works
configure:10001: gcc -c -g -O2  -fPIC -DPIC -DPIC conftest.c >&5
configure:10005: $? = 0
configure:10018: result: yes
configure:10047: checking if gcc static flag -static works
configure:10075: result: yes
configure:10090: checking if gcc supports -c -o file.o
configure:10111: gcc -c -g -O2  -o out/conftest2.o conftest.c >&5
configure:10115: $? = 0
configure:10137: result: yes
configure:10145: checking if gcc supports -c -o file.o
configure:10192: result: yes
configure:10225: checking whether the gcc linker (/usr/bin/ld) supports shared libraries
configure:11488: result: yes
configure:11525: checking whether -lc should be explicitly linked in
configure:11533: gcc -c -g -O2  conftest.c >&5
configure:11536: $? = 0
configure:11551: gcc -shared  -fPIC -DPIC conftest.o  -v -Wl,-soname -Wl,conftest -o conftest 2\>\&1 \| /bin/grep  -lc  \>/dev/null 2\>\&1
configure:11554: $? = 0
configure:11568: result: no
configure:11728: checking dynamic linker characteristics
configure:12309: gcc -o conftest -g -O2   -Wl,-rpath -Wl,/foo conftest.c  >&5
configure:12309: $? = 0
configure:12558: result: GNU/Linux ld.so
configure:12680: checking how to hardcode library paths into programs
configure:12705: result: immediate
configure:13253: checking whether stripping libraries is possible
configure:13258: result: yes
configure:13293: checking if libtool supports shared libraries
configure:13295: result: yes
configure:13298: checking whether to build shared libraries
configure:13323: result: yes
configure:13326: checking whether to build static libraries
configure:13330: result: no
configure:13388: checking arpa/inet.h usability
configure:13388: gcc -c -g -O2  conftest.c >&5
configure:13388: $? = 0
configure:13388: result: yes
configure:13388: checking arpa/inet.h presence
configure:13388: gcc -E  conftest.c
configure:13388: $? = 0
configure:13388: result: yes
configure:13388: checking for arpa/inet.h
configure:13388: result: yes
configure:13388: checking byteswap.h usability
configure:13388: gcc -c -g -O2  conftest.c >&5
configure:13388: $? = 0
configure:13388: result: yes
configure:13388: checking byteswap.h presence
configure:13388: gcc -E  conftest.c
configure:13388: $? = 0
configure:13388: result: yes
configure:13388: checking for byteswap.h
configure:13388: result: yes
configure:13388: checking errno.h usability
configure:13388: gcc -c -g -O2  conftest.c >&5
configure:13388: $? = 0
configure:13388: result: yes
configure:13388: checking errno.h presence
configure:13388: gcc -E  conftest.c
configure:13388: $? = 0
configure:13388: result: yes
configure:13388: checking for errno.h
configure:13388: result: yes
configure:13388: checking fcntl.h usability
configure:13388: gcc -c -g -O2  conftest.c >&5
configure:13388: $? = 0
configure:13388: result: yes
configure:13388: checking fcntl.h presence
configure:13388: gcc -E  conftest.c
configure:13388: $? = 0
configure:13388: result: yes
configure:13388: checking for fcntl.h
configure:13388: result: yes
configure:13388: checking limits.h usability
configure:13388: gcc -c -g -O2  conftest.c >&5
configure:13388: $? = 0
configure:13388: result: yes
configure:13388: checking limits.h presence
configure:13388: gcc -E  conftest.c
configure:13388: $? = 0
configure:13388: result: yes
configure:13388: checking for limits.h
configure:13388: result: yes
configure:13388: checking linux/serial.h usability
configure:13388: gcc -c -g -O2  conftest.c >&5
configure:13388: $? = 0
configure:13388: result: yes
configure:13388: checking linux/serial.h presence
configure:13388: gcc -E  conftest.c
configure:13388: $? = 0
configure:13388: result: yes
configure:13388: checking for linux/serial.h
configure:13388: result: yes
configure:13388: checking netdb.h usability
configure:13388: gcc -c -g -O2  conftest.c >&5
configure:13388: $? = 0
configure:13388: result: yes
configure:13388: checking netdb.h presence
configure:13388: gcc -E  conftest.c
configure:13388: $? = 0
configure:13388: result: yes
configure:13388: checking for netdb.h
configure:13388: result: yes
configure:13388: checking netinet/in.h usability
configure:13388: gcc -c -g -O2  conftest.c >&5
configure:13388: $? = 0
configure:13388: result: yes
configure:13388: checking netinet/in.h presence
configure:13388: gcc -E  conftest.c
configure:13388: $? = 0
configure:13388: result: yes
configure:13388: checking for netinet/in.h
configure:13388: result: yes
configure:13388: checking netinet/tcp.h usability
configure:13388: gcc -c -g -O2  conftest.c >&5
configure:13388: $? = 0
configure:13388: result: yes
configure:13388: checking netinet/tcp.h presence
configure:13388: gcc -E  conftest.c
configure:13388: $? = 0
configure:13388: result: yes
configure:13388: checking for netinet/tcp.h
configure:13388: result: yes
configure:13388: checking sys/ioctl.h usability
configure:13388: gcc -c -g -O2  conftest.c >&5
configure:13388: $? = 0
configure:13388: result: yes
configure:13388: checking sys/ioctl.h presence
configure:13388: gcc -E  conftest.c
configure:13388: $? = 0
configure:13388: result: yes
configure:13388: checking for sys/ioctl.h
configure:13388: result: yes
configure:13388: checking sys/params.h usability
configure:13388: gcc -c -g -O2  conftest.c >&5
conftest.c:72:24: fatal error: sys/params.h: No such file or directory
 #include <sys/params.h>
                        ^
compilation terminated.
configure:13388: $? = 1
configure: failed program was:
| /* confdefs.h */
| #define PACKAGE_NAME "libmodbus"
| #define PACKAGE_TARNAME "libmodbus"
| #define PACKAGE_VERSION "3.1.4"
| #define PACKAGE_STRING "libmodbus 3.1.4"
| #define PACKAGE_BUGREPORT "https://github.com/stephane/libmodbus/issues"
| #define PACKAGE_URL "http://libmodbus.org/"
| #define PACKAGE "libmodbus"
| #define VERSION "3.1.4"
| #define STDC_HEADERS 1
| #define HAVE_SYS_TYPES_H 1
| #define HAVE_SYS_STAT_H 1
| #define HAVE_STDLIB_H 1
| #define HAVE_STRING_H 1
| #define HAVE_MEMORY_H 1
| #define HAVE_STRINGS_H 1
| #define HAVE_INTTYPES_H 1
| #define HAVE_STDINT_H 1
| #define HAVE_UNISTD_H 1
| #define __EXTENSIONS__ 1
| #define _ALL_SOURCE 1
| #define _GNU_SOURCE 1
| #define _POSIX_PTHREAD_SEMANTICS 1
| #define _TANDEM_SOURCE 1
| #define _FILE_OFFSET_BITS 64
| #define HAVE_DLFCN_H 1
| #define LT_OBJDIR ".libs/"
| #define HAVE_ARPA_INET_H 1
| #define HAVE_BYTESWAP_H 1
| #define HAVE_ERRNO_H 1
| #define HAVE_FCNTL_H 1
| #define HAVE_LIMITS_H 1
| #define HAVE_LINUX_SERIAL_H 1
| #define HAVE_NETDB_H 1
| #define HAVE_NETINET_IN_H 1
| #define HAVE_NETINET_TCP_H 1
| #define HAVE_SYS_IOCTL_H 1
| /* end confdefs.h.  */
| #include <stdio.h>
| #ifdef HAVE_SYS_TYPES_H
| # include <sys/types.h>
| #endif
| #ifdef HAVE_SYS_STAT_H
| # include <sys/stat.h>
| #endif
| #ifdef STDC_HEADERS
| # include <stdlib.h>
| # include <stddef.h>
| #else
| # ifdef HAVE_STDLIB_H
| #  include <stdlib.h>
| # endif
| #endif
| #ifdef HAVE_STRING_H
| # if !defined STDC_HEADERS && defined HAVE_MEMORY_H
| #  include <memory.h>
| # endif
| # include <string.h>
| #endif
| #ifdef HAVE_STRINGS_H
| # include <strings.h>
| #endif
| #ifdef HAVE_INTTYPES_H
| # include <inttypes.h>
| #endif
| #ifdef HAVE_STDINT_H
| # include <stdint.h>
| #endif
| #ifdef HAVE_UNISTD_H
| # include <unistd.h>
| #endif
| #include <sys/params.h>
configure:13388: result: no
configure:13388: checking sys/params.h presence
configure:13388: gcc -E  conftest.c
conftest.c:39:24: fatal error: sys/params.h: No such file or directory
 #include <sys/params.h>
                        ^
compilation terminated.
configure:13388: $? = 1
configure: failed program was:
| /* confdefs.h */
| #define PACKAGE_NAME "libmodbus"
| #define PACKAGE_TARNAME "libmodbus"
| #define PACKAGE_VERSION "3.1.4"
| #define PACKAGE_STRING "libmodbus 3.1.4"
| #define PACKAGE_BUGREPORT "https://github.com/stephane/libmodbus/issues"
| #define PACKAGE_URL "http://libmodbus.org/"
| #define PACKAGE "libmodbus"
| #define VERSION "3.1.4"
| #define STDC_HEADERS 1
| #define HAVE_SYS_TYPES_H 1
| #define HAVE_SYS_STAT_H 1
| #define HAVE_STDLIB_H 1
| #define HAVE_STRING_H 1
| #define HAVE_MEMORY_H 1
| #define HAVE_STRINGS_H 1
| #define HAVE_INTTYPES_H 1
| #define HAVE_STDINT_H 1
| #define HAVE_UNISTD_H 1
| #define __EXTENSIONS__ 1
| #define _ALL_SOURCE 1
| #define _GNU_SOURCE 1
| #define _POSIX_PTHREAD_SEMANTICS 1
| #define _TANDEM_SOURCE 1
| #define _FILE_OFFSET_BITS 64
| #define HAVE_DLFCN_H 1
| #define LT_OBJDIR ".libs/"
| #define HAVE_ARPA_INET_H 1
| #define HAVE_BYTESWAP_H 1
| #define HAVE_ERRNO_H 1
| #define HAVE_FCNTL_H 1
| #define HAVE_LIMITS_H 1
| #define HAVE_LINUX_SERIAL_H 1
| #define HAVE_NETDB_H 1
| #define HAVE_NETINET_IN_H 1
| #define HAVE_NETINET_TCP_H 1
| #define HAVE_SYS_IOCTL_H 1
| /* end confdefs.h.  */
| #include <sys/params.h>
configure:13388: result: no
configure:13388: checking for sys/params.h
configure:13388: result: no
configure:13388: checking sys/socket.h usability
configure:13388: gcc -c -g -O2  conftest.c >&5
configure:13388: $? = 0
configure:13388: result: yes
configure:13388: checking sys/socket.h presence
configure:13388: gcc -E  conftest.c
configure:13388: $? = 0
configure:13388: result: yes
configure:13388: checking for sys/socket.h
configure:13388: result: yes
configure:13388: checking sys/time.h usability
configure:13388: gcc -c -g -O2  conftest.c >&5
configure:13388: $? = 0
configure:13388: result: yes
configure:13388: checking sys/time.h presence
configure:13388: gcc -E  conftest.c
configure:13388: $? = 0
configure:13388: result: yes
configure:13388: checking for sys/time.h
configure:13388: result: yes
configure:13388: checking for sys/types.h
configure:13388: result: yes
configure:13388: checking termios.h usability
configure:13388: gcc -c -g -O2  conftest.c >&5
configure:13388: $? = 0
configure:13388: result: yes
configure:13388: checking termios.h presence
configure:13388: gcc -E  conftest.c
configure:13388: $? = 0
configure:13388: result: yes
configure:13388: checking for termios.h
configure:13388: result: yes
configure:13388: checking time.h usability
configure:13388: gcc -c -g -O2  conftest.c >&5
configure:13388: $? = 0
configure:13388: result: yes
configure:13388: checking time.h presence
configure:13388: gcc -E  conftest.c
configure:13388: $? = 0
configure:13388: result: yes
configure:13388: checking for time.h
configure:13388: result: yes
configure:13388: checking for unistd.h
configure:13388: result: yes
configure:13417: checking for asciidoc
configure:13445: result: no
configure:13455: checking for xmlto
configure:13483: result: no
configure:13496: checking whether to build documentation
configure:13498: result: no
configure:13501: WARNING: The tools to build the documentation aren't installed
configure:13516: checking whether __CYGWIN__ is declared
configure:13516: gcc -c -g -O2  conftest.c >&5
conftest.c: In function 'main':
conftest.c:85:10: error: '__CYGWIN__' undeclared (first use in this function)
   (void) __CYGWIN__;
          ^~~~~~~~~~
conftest.c:85:10: note: each undeclared identifier is reported only once for each function it appears in
configure:13516: $? = 1
configure: failed program was:
| /* confdefs.h */
| #define PACKAGE_NAME "libmodbus"
| #define PACKAGE_TARNAME "libmodbus"
| #define PACKAGE_VERSION "3.1.4"
| #define PACKAGE_STRING "libmodbus 3.1.4"
| #define PACKAGE_BUGREPORT "https://github.com/stephane/libmodbus/issues"
| #define PACKAGE_URL "http://libmodbus.org/"
| #define PACKAGE "libmodbus"
| #define VERSION "3.1.4"
| #define STDC_HEADERS 1
| #define HAVE_SYS_TYPES_H 1
| #define HAVE_SYS_STAT_H 1
| #define HAVE_STDLIB_H 1
| #define HAVE_STRING_H 1
| #define HAVE_MEMORY_H 1
| #define HAVE_STRINGS_H 1
| #define HAVE_INTTYPES_H 1
| #define HAVE_STDINT_H 1
| #define HAVE_UNISTD_H 1
| #define __EXTENSIONS__ 1
| #define _ALL_SOURCE 1
| #define _GNU_SOURCE 1
| #define _POSIX_PTHREAD_SEMANTICS 1
| #define _TANDEM_SOURCE 1
| #define _FILE_OFFSET_BITS 64
| #define HAVE_DLFCN_H 1
| #define LT_OBJDIR ".libs/"
| #define HAVE_ARPA_INET_H 1
| #define HAVE_BYTESWAP_H 1
| #define HAVE_ERRNO_H 1
| #define HAVE_FCNTL_H 1
| #define HAVE_LIMITS_H 1
| #define HAVE_LINUX_SERIAL_H 1
| #define HAVE_NETDB_H 1
| #define HAVE_NETINET_IN_H 1
| #define HAVE_NETINET_TCP_H 1
| #define HAVE_SYS_IOCTL_H 1
| #define HAVE_SYS_SOCKET_H 1
| #define HAVE_SYS_TIME_H 1
| #define HAVE_SYS_TYPES_H 1
| #define HAVE_TERMIOS_H 1
| #define HAVE_TIME_H 1
| #define HAVE_UNISTD_H 1
| /* end confdefs.h.  */
| #include <stdio.h>
| #ifdef HAVE_SYS_TYPES_H
| # include <sys/types.h>
| #endif
| #ifdef HAVE_SYS_STAT_H
| # include <sys/stat.h>
| #endif
| #ifdef STDC_HEADERS
| # include <stdlib.h>
| # include <stddef.h>
| #else
| # ifdef HAVE_STDLIB_H
| #  include <stdlib.h>
| # endif
| #endif
| #ifdef HAVE_STRING_H
| # if !defined STDC_HEADERS && defined HAVE_MEMORY_H
| #  include <memory.h>
| # endif
| # include <string.h>
| #endif
| #ifdef HAVE_STRINGS_H
| # include <strings.h>
| #endif
| #ifdef HAVE_INTTYPES_H
| # include <inttypes.h>
| #endif
| #ifdef HAVE_STDINT_H
| # include <stdint.h>
| #endif
| #ifdef HAVE_UNISTD_H
| # include <unistd.h>
| #endif
| int
| main ()
| {
| #ifndef __CYGWIN__
| #ifdef __cplusplus
|   (void) __CYGWIN__;
| #else
|   (void) __CYGWIN__;
| #endif
| #endif
| 
|   ;
|   return 0;
| }
configure:13516: result: no
configure:13529: checking for pid_t
configure:13529: gcc -c -g -O2  conftest.c >&5
configure:13529: $? = 0
configure:13529: gcc -c -g -O2  conftest.c >&5
conftest.c: In function 'main':
conftest.c:82:20: error: expected expression before ')' token
 if (sizeof ((pid_t)))
                    ^
configure:13529: $? = 1
configure: failed program was:
| /* confdefs.h */
| #define PACKAGE_NAME "libmodbus"
| #define PACKAGE_TARNAME "libmodbus"
| #define PACKAGE_VERSION "3.1.4"
| #define PACKAGE_STRING "libmodbus 3.1.4"
| #define PACKAGE_BUGREPORT "https://github.com/stephane/libmodbus/issues"
| #define PACKAGE_URL "http://libmodbus.org/"
| #define PACKAGE "libmodbus"
| #define VERSION "3.1.4"
| #define STDC_HEADERS 1
| #define HAVE_SYS_TYPES_H 1
| #define HAVE_SYS_STAT_H 1
| #define HAVE_STDLIB_H 1
| #define HAVE_STRING_H 1
| #define HAVE_MEMORY_H 1
| #define HAVE_STRINGS_H 1
| #define HAVE_INTTYPES_H 1
| #define HAVE_STDINT_H 1
| #define HAVE_UNISTD_H 1
| #define __EXTENSIONS__ 1
| #define _ALL_SOURCE 1
| #define _GNU_SOURCE 1
| #define _POSIX_PTHREAD_SEMANTICS 1
| #define _TANDEM_SOURCE 1
| #define _FILE_OFFSET_BITS 64
| #define HAVE_DLFCN_H 1
| #define LT_OBJDIR ".libs/"
| #define HAVE_ARPA_INET_H 1
| #define HAVE_BYTESWAP_H 1
| #define HAVE_ERRNO_H 1
| #define HAVE_FCNTL_H 1
| #define HAVE_LIMITS_H 1
| #define HAVE_LINUX_SERIAL_H 1
| #define HAVE_NETDB_H 1
| #define HAVE_NETINET_IN_H 1
| #define HAVE_NETINET_TCP_H 1
| #define HAVE_SYS_IOCTL_H 1
| #define HAVE_SYS_SOCKET_H 1
| #define HAVE_SYS_TIME_H 1
| #define HAVE_SYS_TYPES_H 1
| #define HAVE_TERMIOS_H 1
| #define HAVE_TIME_H 1
| #define HAVE_UNISTD_H 1
| #define HAVE_DECL___CYGWIN__ 0
| /* end confdefs.h.  */
| #include <stdio.h>
| #ifdef HAVE_SYS_TYPES_H
| # include <sys/types.h>
| #endif
| #ifdef HAVE_SYS_STAT_H
| # include <sys/stat.h>
| #endif
| #ifdef STDC_HEADERS
| # include <stdlib.h>
| # include <stddef.h>
| #else
| # ifdef HAVE_STDLIB_H
| #  include <stdlib.h>
| # endif
| #endif
| #ifdef HAVE_STRING_H
| # if !defined STDC_HEADERS && defined HAVE_MEMORY_H
| #  include <memory.h>
| # endif
| # include <string.h>
| #endif
| #ifdef HAVE_STRINGS_H
| # include <strings.h>
| #endif
| #ifdef HAVE_INTTYPES_H
| # include <inttypes.h>
| #endif
| #ifdef HAVE_STDINT_H
| # include <stdint.h>
| #endif
| #ifdef HAVE_UNISTD_H
| # include <unistd.h>
| #endif
| int
| main ()
| {
| if (sizeof ((pid_t)))
| 	    return 0;
|   ;
|   return 0;
| }
configure:13529: result: yes
configure:13542: checking vfork.h usability
configure:13542: gcc -c -g -O2  conftest.c >&5
conftest.c:79:19: fatal error: vfork.h: No such file or directory
 #include <vfork.h>
                   ^
compilation terminated.
configure:13542: $? = 1
configure: failed program was:
| /* confdefs.h */
| #define PACKAGE_NAME "libmodbus"
| #define PACKAGE_TARNAME "libmodbus"
| #define PACKAGE_VERSION "3.1.4"
| #define PACKAGE_STRING "libmodbus 3.1.4"
| #define PACKAGE_BUGREPORT "https://github.com/stephane/libmodbus/issues"
| #define PACKAGE_URL "http://libmodbus.org/"
| #define PACKAGE "libmodbus"
| #define VERSION "3.1.4"
| #define STDC_HEADERS 1
| #define HAVE_SYS_TYPES_H 1
| #define HAVE_SYS_STAT_H 1
| #define HAVE_STDLIB_H 1
| #define HAVE_STRING_H 1
| #define HAVE_MEMORY_H 1
| #define HAVE_STRINGS_H 1
| #define HAVE_INTTYPES_H 1
| #define HAVE_STDINT_H 1
| #define HAVE_UNISTD_H 1
| #define __EXTENSIONS__ 1
| #define _ALL_SOURCE 1
| #define _GNU_SOURCE 1
| #define _POSIX_PTHREAD_SEMANTICS 1
| #define _TANDEM_SOURCE 1
| #define _FILE_OFFSET_BITS 64
| #define HAVE_DLFCN_H 1
| #define LT_OBJDIR ".libs/"
| #define HAVE_ARPA_INET_H 1
| #define HAVE_BYTESWAP_H 1
| #define HAVE_ERRNO_H 1
| #define HAVE_FCNTL_H 1
| #define HAVE_LIMITS_H 1
| #define HAVE_LINUX_SERIAL_H 1
| #define HAVE_NETDB_H 1
| #define HAVE_NETINET_IN_H 1
| #define HAVE_NETINET_TCP_H 1
| #define HAVE_SYS_IOCTL_H 1
| #define HAVE_SYS_SOCKET_H 1
| #define HAVE_SYS_TIME_H 1
| #define HAVE_SYS_TYPES_H 1
| #define HAVE_TERMIOS_H 1
| #define HAVE_TIME_H 1
| #define HAVE_UNISTD_H 1
| #define HAVE_DECL___CYGWIN__ 0
| /* end confdefs.h.  */
| #include <stdio.h>
| #ifdef HAVE_SYS_TYPES_H
| # include <sys/types.h>
| #endif
| #ifdef HAVE_SYS_STAT_H
| # include <sys/stat.h>
| #endif
| #ifdef STDC_HEADERS
| # include <stdlib.h>
| # include <stddef.h>
| #else
| # ifdef HAVE_STDLIB_H
| #  include <stdlib.h>
| # endif
| #endif
| #ifdef HAVE_STRING_H
| # if !defined STDC_HEADERS && defined HAVE_MEMORY_H
| #  include <memory.h>
| # endif
| # include <string.h>
| #endif
| #ifdef HAVE_STRINGS_H
| # include <strings.h>
| #endif
| #ifdef HAVE_INTTYPES_H
| # include <inttypes.h>
| #endif
| #ifdef HAVE_STDINT_H
| # include <stdint.h>
| #endif
| #ifdef HAVE_UNISTD_H
| # include <unistd.h>
| #endif
| #include <vfork.h>
configure:13542: result: no
configure:13542: checking vfork.h presence
configure:13542: gcc -E  conftest.c
conftest.c:46:19: fatal error: vfork.h: No such file or directory
 #include <vfork.h>
                   ^
compilation terminated.
configure:13542: $? = 1
configure: failed program was:
| /* confdefs.h */
| #define PACKAGE_NAME "libmodbus"
| #define PACKAGE_TARNAME "libmodbus"
| #define PACKAGE_VERSION "3.1.4"
| #define PACKAGE_STRING "libmodbus 3.1.4"
| #define PACKAGE_BUGREPORT "https://github.com/stephane/libmodbus/issues"
| #define PACKAGE_URL "http://libmodbus.org/"
| #define PACKAGE "libmodbus"
| #define VERSION "3.1.4"
| #define STDC_HEADERS 1
| #define HAVE_SYS_TYPES_H 1
| #define HAVE_SYS_STAT_H 1
| #define HAVE_STDLIB_H 1
| #define HAVE_STRING_H 1
| #define HAVE_MEMORY_H 1
| #define HAVE_STRINGS_H 1
| #define HAVE_INTTYPES_H 1
| #define HAVE_STDINT_H 1
| #define HAVE_UNISTD_H 1
| #define __EXTENSIONS__ 1
| #define _ALL_SOURCE 1
| #define _GNU_SOURCE 1
| #define _POSIX_PTHREAD_SEMANTICS 1
| #define _TANDEM_SOURCE 1
| #define _FILE_OFFSET_BITS 64
| #define HAVE_DLFCN_H 1
| #define LT_OBJDIR ".libs/"
| #define HAVE_ARPA_INET_H 1
| #define HAVE_BYTESWAP_H 1
| #define HAVE_ERRNO_H 1
| #define HAVE_FCNTL_H 1
| #define HAVE_LIMITS_H 1
| #define HAVE_LINUX_SERIAL_H 1
| #define HAVE_NETDB_H 1
| #define HAVE_NETINET_IN_H 1
| #define HAVE_NETINET_TCP_H 1
| #define HAVE_SYS_IOCTL_H 1
| #define HAVE_SYS_SOCKET_H 1
| #define HAVE_SYS_TIME_H 1
| #define HAVE_SYS_TYPES_H 1
| #define HAVE_TERMIOS_H 1
| #define HAVE_TIME_H 1
| #define HAVE_UNISTD_H 1
| #define HAVE_DECL___CYGWIN__ 0
| /* end confdefs.h.  */
| #include <vfork.h>
configure:13542: result: no
configure:13542: checking for vfork.h
configure:13542: result: no
configure:13555: checking for fork
configure:13555: gcc -o conftest -g -O2   conftest.c  >&5
conftest.c:69:6: warning: conflicting types for built-in function 'fork'
 char fork ();
      ^~~~
configure:13555: $? = 0
configure:13555: result: yes
configure:13555: checking for vfork
configure:13555: gcc -o conftest -g -O2   conftest.c  >&5
configure:13555: $? = 0
configure:13555: result: yes
configure:13565: checking for working fork
configure:13587: gcc -o conftest -g -O2   conftest.c  >&5
configure:13587: $? = 0
configure:13587: ./conftest
configure:13587: $? = 0
configure:13597: result: yes
configure:13618: checking for working vfork
configure:13728: result: yes
configure:13755: checking for stdlib.h
configure:13755: result: yes
configure:13765: checking for GNU libc compatible malloc
configure:13789: gcc -o conftest -g -O2   conftest.c  >&5
configure:13789: $? = 0
configure:13789: ./conftest
configure:13789: $? = 0
configure:13799: result: yes
configure:13823: checking for accept4
configure:13823: gcc -o conftest -g -O2   conftest.c  >&5
configure:13823: $? = 0
configure:13823: result: yes
configure:13823: checking for getaddrinfo
configure:13823: gcc -o conftest -g -O2   conftest.c  >&5
configure:13823: $? = 0
configure:13823: result: yes
configure:13823: checking for gettimeofday
configure:13823: gcc -o conftest -g -O2   conftest.c  >&5
configure:13823: $? = 0
configure:13823: result: yes
configure:13823: checking for inet_ntoa
configure:13823: gcc -o conftest -g -O2   conftest.c  >&5
configure:13823: $? = 0
configure:13823: result: yes
configure:13823: checking for memset
configure:13823: gcc -o conftest -g -O2   conftest.c  >&5
conftest.c:79:6: warning: conflicting types for built-in function 'memset'
 char memset ();
      ^~~~~~
configure:13823: $? = 0
configure:13823: result: yes
configure:13823: checking for select
configure:13823: gcc -o conftest -g -O2   conftest.c  >&5
configure:13823: $? = 0
configure:13823: result: yes
configure:13823: checking for socket
configure:13823: gcc -o conftest -g -O2   conftest.c  >&5
configure:13823: $? = 0
configure:13823: result: yes
configure:13823: checking for strerror
configure:13823: gcc -o conftest -g -O2   conftest.c  >&5
configure:13823: $? = 0
configure:13823: result: yes
configure:13823: checking for strlcpy
configure:13823: gcc -o conftest -g -O2   conftest.c  >&5
/tmp/ccYNZaK6.o: In function `main':
/home/pi/OpenPLC_v3/utils/libmodbus_src/conftest.c:94: undefined reference to `strlcpy'
collect2: error: ld returned 1 exit status
configure:13823: $? = 1
configure: failed program was:
| /* confdefs.h */
| #define PACKAGE_NAME "libmodbus"
| #define PACKAGE_TARNAME "libmodbus"
| #define PACKAGE_VERSION "3.1.4"
| #define PACKAGE_STRING "libmodbus 3.1.4"
| #define PACKAGE_BUGREPORT "https://github.com/stephane/libmodbus/issues"
| #define PACKAGE_URL "http://libmodbus.org/"
| #define PACKAGE "libmodbus"
| #define VERSION "3.1.4"
| #define STDC_HEADERS 1
| #define HAVE_SYS_TYPES_H 1
| #define HAVE_SYS_STAT_H 1
| #define HAVE_STDLIB_H 1
| #define HAVE_STRING_H 1
| #define HAVE_MEMORY_H 1
| #define HAVE_STRINGS_H 1
| #define HAVE_INTTYPES_H 1
| #define HAVE_STDINT_H 1
| #define HAVE_UNISTD_H 1
| #define __EXTENSIONS__ 1
| #define _ALL_SOURCE 1
| #define _GNU_SOURCE 1
| #define _POSIX_PTHREAD_SEMANTICS 1
| #define _TANDEM_SOURCE 1
| #define _FILE_OFFSET_BITS 64
| #define HAVE_DLFCN_H 1
| #define LT_OBJDIR ".libs/"
| #define HAVE_ARPA_INET_H 1
| #define HAVE_BYTESWAP_H 1
| #define HAVE_ERRNO_H 1
| #define HAVE_FCNTL_H 1
| #define HAVE_LIMITS_H 1
| #define HAVE_LINUX_SERIAL_H 1
| #define HAVE_NETDB_H 1
| #define HAVE_NETINET_IN_H 1
| #define HAVE_NETINET_TCP_H 1
| #define HAVE_SYS_IOCTL_H 1
| #define HAVE_SYS_SOCKET_H 1
| #define HAVE_SYS_TIME_H 1
| #define HAVE_SYS_TYPES_H 1
| #define HAVE_TERMIOS_H 1
| #define HAVE_TIME_H 1
| #define HAVE_UNISTD_H 1
| #define HAVE_DECL___CYGWIN__ 0
| #define HAVE_FORK 1
| #define HAVE_VFORK 1
| #define HAVE_WORKING_VFORK 1
| #define HAVE_WORKING_FORK 1
| #define HAVE_STDLIB_H 1
| #define HAVE_MALLOC 1
| #define HAVE_ACCEPT4 1
| #define HAVE_GETADDRINFO 1
| #define HAVE_GETTIMEOFDAY 1
| #define HAVE_INET_NTOA 1
| #define HAVE_MEMSET 1
| #define HAVE_SELECT 1
| #define HAVE_SOCKET 1
| #define HAVE_STRERROR 1
| /* end confdefs.h.  */
| /* Define strlcpy to an innocuous variant, in case <limits.h> declares strlcpy.
|    For example, HP-UX 11i <limits.h> declares gettimeofday.  */
| #define strlcpy innocuous_strlcpy
| 
| /* System header to define __stub macros and hopefully few prototypes,
|     which can conflict with char strlcpy (); below.
|     Prefer <limits.h> to <assert.h> if __STDC__ is defined, since
|     <limits.h> exists even on freestanding compilers.  */
| 
| #ifdef __STDC__
| # include <limits.h>
| #else
| # include <assert.h>
| #endif
| 
| #undef strlcpy
| 
| /* Override any GCC internal prototype to avoid an error.
|    Use char because int might match the return type of a GCC
|    builtin and then its argument prototype would still apply.  */
| #ifdef __cplusplus
| extern "C"
| #endif
| char strlcpy ();
| /* The GNU C library defines this for functions which it implements
|     to always fail with ENOSYS.  Some functions are actually named
|     something starting with __ and the normal name is an alias.  */
| #if defined __stub_strlcpy || defined __stub___strlcpy
| choke me
| #endif
| 
| int
| main ()
| {
| return strlcpy ();
|   ;
|   return 0;
| }
configure:13823: result: no
configure:13839: checking for inline
configure:13855: gcc -c -g -O2  conftest.c >&5
configure:13855: $? = 0
configure:13863: result: inline
configure:13941: checking for g++
configure:13957: found /usr/bin/g++
configure:13968: result: g++
configure:13995: checking for C++ compiler version
configure:14004: g++ --version >&5
g++ (Raspbian 6.3.0-18+rpi1+deb9u1) 6.3.0 20170516
Copyright (C) 2016 Free Software Foundation, Inc.
This is free software; see the source for copying conditions.  There is NO
warranty; not even for MERCHANTABILITY or FITNESS FOR A PARTICULAR PURPOSE.

configure:14015: $? = 0
configure:14004: g++ -v >&5
Using built-in specs.
COLLECT_GCC=g++
COLLECT_LTO_WRAPPER=/usr/lib/gcc/arm-linux-gnueabihf/6/lto-wrapper
Target: arm-linux-gnueabihf
Configured with: ../src/configure -v --with-pkgversion='Raspbian 6.3.0-18+rpi1+deb9u1' --with-bugurl=file:///usr/share/doc/gcc-6/README.Bugs --enable-languages=c,ada,c++,java,go,d,fortran,objc,obj-c++ --prefix=/usr --program-suffix=-6 --program-prefix=arm-linux-gnueabihf- --enable-shared --enable-linker-build-id --libexecdir=/usr/lib --without-included-gettext --enable-threads=posix --libdir=/usr/lib --enable-nls --with-sysroot=/ --enable-clocale=gnu --enable-libstdcxx-debug --enable-libstdcxx-time=yes --with-default-libstdcxx-abi=new --enable-gnu-unique-object --disable-libitm --disable-libquadmath --enable-plugin --with-system-zlib --disable-browser-plugin --enable-java-awt=gtk --enable-gtk-cairo --with-java-home=/usr/lib/jvm/java-1.5.0-gcj-6-armhf/jre --enable-java-home --with-jvm-root-dir=/usr/lib/jvm/java-1.5.0-gcj-6-armhf --with-jvm-jar-dir=/usr/lib/jvm-exports/java-1.5.0-gcj-6-armhf --with-arch-directory=arm --with-ecj-jar=/usr/share/java/eclipse-ecj.jar --with-target-system-zlib --enable-objc-gc=auto --enable-multiarch --disable-sjlj-exceptions --with-arch=armv6 --with-fpu=vfp --with-float=hard --enable-checking=release --build=arm-linux-gnueabihf --host=arm-linux-gnueabihf --target=arm-linux-gnueabihf
Thread model: posix
gcc version 6.3.0 20170516 (Raspbian 6.3.0-18+rpi1+deb9u1) 
configure:14015: $? = 0
configure:14004: g++ -V >&5
g++: error: unrecognized command line option '-V'
g++: fatal error: no input files
compilation terminated.
configure:14015: $? = 1
configure:14004: g++ -qversion >&5
g++: error: unrecognized command line option '-qversion'; did you mean '--version'?
g++: fatal error: no input files
compilation terminated.
configure:14015: $? = 1
configure:14019: checking whether we are using the GNU C++ compiler
configure:14038: g++ -c   conftest.cpp >&5
configure:14038: $? = 0
configure:14047: result: yes
configure:14056: checking whether g++ accepts -g
configure:14076: g++ -c -g  conftest.cpp >&5
configure:14076: $? = 0
configure:14117: result: yes
configure:14142: checking dependency style of g++
configure:14253: result: gcc3
configure:14286: checking how to run the C++ preprocessor
configure:14313: g++ -E  conftest.cpp
configure:14313: $? = 0
configure:14327: g++ -E  conftest.cpp
conftest.cpp:61:28: fatal error: ac_nonexistent.h: No such file or directory
 #include <ac_nonexistent.h>
                            ^
compilation terminated.
configure:14327: $? = 1
configure: failed program was:
| /* confdefs.h */
| #define PACKAGE_NAME "libmodbus"
| #define PACKAGE_TARNAME "libmodbus"
| #define PACKAGE_VERSION "3.1.4"
| #define PACKAGE_STRING "libmodbus 3.1.4"
| #define PACKAGE_BUGREPORT "https://github.com/stephane/libmodbus/issues"
| #define PACKAGE_URL "http://libmodbus.org/"
| #define PACKAGE "libmodbus"
| #define VERSION "3.1.4"
| #define STDC_HEADERS 1
| #define HAVE_SYS_TYPES_H 1
| #define HAVE_SYS_STAT_H 1
| #define HAVE_STDLIB_H 1
| #define HAVE_STRING_H 1
| #define HAVE_MEMORY_H 1
| #define HAVE_STRINGS_H 1
| #define HAVE_INTTYPES_H 1
| #define HAVE_STDINT_H 1
| #define HAVE_UNISTD_H 1
| #define __EXTENSIONS__ 1
| #define _ALL_SOURCE 1
| #define _GNU_SOURCE 1
| #define _POSIX_PTHREAD_SEMANTICS 1
| #define _TANDEM_SOURCE 1
| #define _FILE_OFFSET_BITS 64
| #define HAVE_DLFCN_H 1
| #define LT_OBJDIR ".libs/"
| #define HAVE_ARPA_INET_H 1
| #define HAVE_BYTESWAP_H 1
| #define HAVE_ERRNO_H 1
| #define HAVE_FCNTL_H 1
| #define HAVE_LIMITS_H 1
| #define HAVE_LINUX_SERIAL_H 1
| #define HAVE_NETDB_H 1
| #define HAVE_NETINET_IN_H 1
| #define HAVE_NETINET_TCP_H 1
| #define HAVE_SYS_IOCTL_H 1
| #define HAVE_SYS_SOCKET_H 1
| #define HAVE_SYS_TIME_H 1
| #define HAVE_SYS_TYPES_H 1
| #define HAVE_TERMIOS_H 1
| #define HAVE_TIME_H 1
| #define HAVE_UNISTD_H 1
| #define HAVE_DECL___CYGWIN__ 0
| #define HAVE_FORK 1
| #define HAVE_VFORK 1
| #define HAVE_WORKING_VFORK 1
| #define HAVE_WORKING_FORK 1
| #define HAVE_STDLIB_H 1
| #define HAVE_MALLOC 1
| #define HAVE_ACCEPT4 1
| #define HAVE_GETADDRINFO 1
| #define HAVE_GETTIMEOFDAY 1
| #define HAVE_INET_NTOA 1
| #define HAVE_MEMSET 1
| #define HAVE_SELECT 1
| #define HAVE_SOCKET 1
| #define HAVE_STRERROR 1
| #define WINVER 0x0501
| /* end confdefs.h.  */
| #include <ac_nonexistent.h>
configure:14352: result: g++ -E
configure:14372: g++ -E  conftest.cpp
configure:14372: $? = 0
configure:14386: g++ -E  conftest.cpp
conftest.cpp:61:28: fatal error: ac_nonexistent.h: No such file or directory
 #include <ac_nonexistent.h>
                            ^
compilation terminated.
configure:14386: $? = 1
configure: failed program was:
| /* confdefs.h */
| #define PACKAGE_NAME "libmodbus"
| #define PACKAGE_TARNAME "libmodbus"
| #define PACKAGE_VERSION "3.1.4"
| #define PACKAGE_STRING "libmodbus 3.1.4"
| #define PACKAGE_BUGREPORT "https://github.com/stephane/libmodbus/issues"
| #define PACKAGE_URL "http://libmodbus.org/"
| #define PACKAGE "libmodbus"
| #define VERSION "3.1.4"
| #define STDC_HEADERS 1
| #define HAVE_SYS_TYPES_H 1
| #define HAVE_SYS_STAT_H 1
| #define HAVE_STDLIB_H 1
| #define HAVE_STRING_H 1
| #define HAVE_MEMORY_H 1
| #define HAVE_STRINGS_H 1
| #define HAVE_INTTYPES_H 1
| #define HAVE_STDINT_H 1
| #define HAVE_UNISTD_H 1
| #define __EXTENSIONS__ 1
| #define _ALL_SOURCE 1
| #define _GNU_SOURCE 1
| #define _POSIX_PTHREAD_SEMANTICS 1
| #define _TANDEM_SOURCE 1
| #define _FILE_OFFSET_BITS 64
| #define HAVE_DLFCN_H 1
| #define LT_OBJDIR ".libs/"
| #define HAVE_ARPA_INET_H 1
| #define HAVE_BYTESWAP_H 1
| #define HAVE_ERRNO_H 1
| #define HAVE_FCNTL_H 1
| #define HAVE_LIMITS_H 1
| #define HAVE_LINUX_SERIAL_H 1
| #define HAVE_NETDB_H 1
| #define HAVE_NETINET_IN_H 1
| #define HAVE_NETINET_TCP_H 1
| #define HAVE_SYS_IOCTL_H 1
| #define HAVE_SYS_SOCKET_H 1
| #define HAVE_SYS_TIME_H 1
| #define HAVE_SYS_TYPES_H 1
| #define HAVE_TERMIOS_H 1
| #define HAVE_TIME_H 1
| #define HAVE_UNISTD_H 1
| #define HAVE_DECL___CYGWIN__ 0
| #define HAVE_FORK 1
| #define HAVE_VFORK 1
| #define HAVE_WORKING_VFORK 1
| #define HAVE_WORKING_FORK 1
| #define HAVE_STDLIB_H 1
| #define HAVE_MALLOC 1
| #define HAVE_ACCEPT4 1
| #define HAVE_GETADDRINFO 1
| #define HAVE_GETTIMEOFDAY 1
| #define HAVE_INET_NTOA 1
| #define HAVE_MEMSET 1
| #define HAVE_SELECT 1
| #define HAVE_SOCKET 1
| #define HAVE_STRERROR 1
| #define WINVER 0x0501
| /* end confdefs.h.  */
| #include <ac_nonexistent.h>
configure:14548: checking for ld used by g++
configure:14615: result: /usr/bin/ld
configure:14622: checking if the linker (/usr/bin/ld) is GNU ld
configure:14637: result: yes
configure:14692: checking whether the g++ linker (/usr/bin/ld) supports shared libraries
configure:15765: result: yes
configure:15801: g++ -c -g -O2  conftest.cpp >&5
configure:15804: $? = 0
configure:16285: checking for g++ option to produce PIC
configure:16292: result: -fPIC -DPIC
configure:16300: checking if g++ PIC flag -fPIC -DPIC works
configure:16318: g++ -c -g -O2  -fPIC -DPIC -DPIC conftest.cpp >&5
configure:16322: $? = 0
configure:16335: result: yes
configure:16358: checking if g++ static flag -static works
configure:16386: result: yes
configure:16398: checking if g++ supports -c -o file.o
configure:16419: g++ -c -g -O2  -o out/conftest2.o conftest.cpp >&5
configure:16423: $? = 0
configure:16445: result: yes
configure:16450: checking if g++ supports -c -o file.o
configure:16497: result: yes
configure:16527: checking whether the g++ linker (/usr/bin/ld) supports shared libraries
configure:16570: result: yes
configure:16711: checking dynamic linker characteristics
configure:17468: result: GNU/Linux ld.so
configure:17533: checking how to hardcode library paths into programs
configure:17558: result: immediate
configure:17600: checking for int64_t
configure:17600: gcc -c -g -O2  conftest.c >&5
configure:17600: $? = 0
configure:17600: gcc -c -g -O2  conftest.c >&5
conftest.c: In function 'main':
conftest.c:99:53: warning: integer overflow in expression [-Woverflow]
    < (int64_t) (((((int64_t) 1 << N) << N) - 1) * 2 + 2))];
                                                     ^
conftest.c:98:12: error: storage size of 'test_array' isn't constant
 static int test_array [1 - 2 * !((int64_t) (((((int64_t) 1 << N) << N) - 1) * 2 + 1)
            ^~~~~~~~~~
configure:17600: $? = 1
configure: failed program was:
| /* confdefs.h */
| #define PACKAGE_NAME "libmodbus"
| #define PACKAGE_TARNAME "libmodbus"
| #define PACKAGE_VERSION "3.1.4"
| #define PACKAGE_STRING "libmodbus 3.1.4"
| #define PACKAGE_BUGREPORT "https://github.com/stephane/libmodbus/issues"
| #define PACKAGE_URL "http://libmodbus.org/"
| #define PACKAGE "libmodbus"
| #define VERSION "3.1.4"
| #define STDC_HEADERS 1
| #define HAVE_SYS_TYPES_H 1
| #define HAVE_SYS_STAT_H 1
| #define HAVE_STDLIB_H 1
| #define HAVE_STRING_H 1
| #define HAVE_MEMORY_H 1
| #define HAVE_STRINGS_H 1
| #define HAVE_INTTYPES_H 1
| #define HAVE_STDINT_H 1
| #define HAVE_UNISTD_H 1
| #define __EXTENSIONS__ 1
| #define _ALL_SOURCE 1
| #define _GNU_SOURCE 1
| #define _POSIX_PTHREAD_SEMANTICS 1
| #define _TANDEM_SOURCE 1
| #define _FILE_OFFSET_BITS 64
| #define HAVE_DLFCN_H 1
| #define LT_OBJDIR ".libs/"
| #define HAVE_ARPA_INET_H 1
| #define HAVE_BYTESWAP_H 1
| #define HAVE_ERRNO_H 1
| #define HAVE_FCNTL_H 1
| #define HAVE_LIMITS_H 1
| #define HAVE_LINUX_SERIAL_H 1
| #define HAVE_NETDB_H 1
| #define HAVE_NETINET_IN_H 1
| #define HAVE_NETINET_TCP_H 1
| #define HAVE_SYS_IOCTL_H 1
| #define HAVE_SYS_SOCKET_H 1
| #define HAVE_SYS_TIME_H 1
| #define HAVE_SYS_TYPES_H 1
| #define HAVE_TERMIOS_H 1
| #define HAVE_TIME_H 1
| #define HAVE_UNISTD_H 1
| #define HAVE_DECL___CYGWIN__ 0
| #define HAVE_FORK 1
| #define HAVE_VFORK 1
| #define HAVE_WORKING_VFORK 1
| #define HAVE_WORKING_FORK 1
| #define HAVE_STDLIB_H 1
| #define HAVE_MALLOC 1
| #define HAVE_ACCEPT4 1
| #define HAVE_GETADDRINFO 1
| #define HAVE_GETTIMEOFDAY 1
| #define HAVE_INET_NTOA 1
| #define HAVE_MEMSET 1
| #define HAVE_SELECT 1
| #define HAVE_SOCKET 1
| #define HAVE_STRERROR 1
| #define WINVER 0x0501
| /* end confdefs.h.  */
| #include <stdio.h>
| #ifdef HAVE_SYS_TYPES_H
| # include <sys/types.h>
| #endif
| #ifdef HAVE_SYS_STAT_H
| # include <sys/stat.h>
| #endif
| #ifdef STDC_HEADERS
| # include <stdlib.h>
| # include <stddef.h>
| #else
| # ifdef HAVE_STDLIB_H
| #  include <stdlib.h>
| # endif
| #endif
| #ifdef HAVE_STRING_H
| # if !defined STDC_HEADERS && defined HAVE_MEMORY_H
| #  include <memory.h>
| # endif
| # include <string.h>
| #endif
| #ifdef HAVE_STRINGS_H
| # include <strings.h>
| #endif
| #ifdef HAVE_INTTYPES_H
| # include <inttypes.h>
| #endif
| #ifdef HAVE_STDINT_H
| # include <stdint.h>
| #endif
| #ifdef HAVE_UNISTD_H
| # include <unistd.h>
| #endif
| 	        enum { N = 64 / 2 - 1 };
| int
| main ()
| {
| static int test_array [1 - 2 * !((int64_t) (((((int64_t) 1 << N) << N) - 1) * 2 + 1)
| 		 < (int64_t) (((((int64_t) 1 << N) << N) - 1) * 2 + 2))];
| test_array [0] = 0;
| return test_array [0];
| 
|   ;
|   return 0;
| }
configure:17600: result: yes
configure:17611: checking for size_t
configure:17611: gcc -c -g -O2  conftest.c >&5
configure:17611: $? = 0
configure:17611: gcc -c -g -O2  conftest.c >&5
conftest.c: In function 'main':
conftest.c:97:21: error: expected expression before ')' token
 if (sizeof ((size_t)))
                     ^
configure:17611: $? = 1
configure: failed program was:
| /* confdefs.h */
| #define PACKAGE_NAME "libmodbus"
| #define PACKAGE_TARNAME "libmodbus"
| #define PACKAGE_VERSION "3.1.4"
| #define PACKAGE_STRING "libmodbus 3.1.4"
| #define PACKAGE_BUGREPORT "https://github.com/stephane/libmodbus/issues"
| #define PACKAGE_URL "http://libmodbus.org/"
| #define PACKAGE "libmodbus"
| #define VERSION "3.1.4"
| #define STDC_HEADERS 1
| #define HAVE_SYS_TYPES_H 1
| #define HAVE_SYS_STAT_H 1
| #define HAVE_STDLIB_H 1
| #define HAVE_STRING_H 1
| #define HAVE_MEMORY_H 1
| #define HAVE_STRINGS_H 1
| #define HAVE_INTTYPES_H 1
| #define HAVE_STDINT_H 1
| #define HAVE_UNISTD_H 1
| #define __EXTENSIONS__ 1
| #define _ALL_SOURCE 1
| #define _GNU_SOURCE 1
| #define _POSIX_PTHREAD_SEMANTICS 1
| #define _TANDEM_SOURCE 1
| #define _FILE_OFFSET_BITS 64
| #define HAVE_DLFCN_H 1
| #define LT_OBJDIR ".libs/"
| #define HAVE_ARPA_INET_H 1
| #define HAVE_BYTESWAP_H 1
| #define HAVE_ERRNO_H 1
| #define HAVE_FCNTL_H 1
| #define HAVE_LIMITS_H 1
| #define HAVE_LINUX_SERIAL_H 1
| #define HAVE_NETDB_H 1
| #define HAVE_NETINET_IN_H 1
| #define HAVE_NETINET_TCP_H 1
| #define HAVE_SYS_IOCTL_H 1
| #define HAVE_SYS_SOCKET_H 1
| #define HAVE_SYS_TIME_H 1
| #define HAVE_SYS_TYPES_H 1
| #define HAVE_TERMIOS_H 1
| #define HAVE_TIME_H 1
| #define HAVE_UNISTD_H 1
| #define HAVE_DECL___CYGWIN__ 0
| #define HAVE_FORK 1
| #define HAVE_VFORK 1
| #define HAVE_WORKING_VFORK 1
| #define HAVE_WORKING_FORK 1
| #define HAVE_STDLIB_H 1
| #define HAVE_MALLOC 1
| #define HAVE_ACCEPT4 1
| #define HAVE_GETADDRINFO 1
| #define HAVE_GETTIMEOFDAY 1
| #define HAVE_INET_NTOA 1
| #define HAVE_MEMSET 1
| #define HAVE_SELECT 1
| #define HAVE_SOCKET 1
| #define HAVE_STRERROR 1
| #define WINVER 0x0501
| /* end confdefs.h.  */
| #include <stdio.h>
| #ifdef HAVE_SYS_TYPES_H
| # include <sys/types.h>
| #endif
| #ifdef HAVE_SYS_STAT_H
| # include <sys/stat.h>
| #endif
| #ifdef STDC_HEADERS
| # include <stdlib.h>
| # include <stddef.h>
| #else
| # ifdef HAVE_STDLIB_H
| #  include <stdlib.h>
| # endif
| #endif
| #ifdef HAVE_STRING_H
| # if !defined STDC_HEADERS && defined HAVE_MEMORY_H
| #  include <memory.h>
| # endif
| # include <string.h>
| #endif
| #ifdef HAVE_STRINGS_H
| # include <strings.h>
| #endif
| #ifdef HAVE_INTTYPES_H
| # include <inttypes.h>
| #endif
| #ifdef HAVE_STDINT_H
| # include <stdint.h>
| #endif
| #ifdef HAVE_UNISTD_H
| # include <unistd.h>
| #endif
| int
| main ()
| {
| if (sizeof ((size_t)))
| 	    return 0;
|   ;
|   return 0;
| }
configure:17611: result: yes
configure:17622: checking for ssize_t
configure:17622: gcc -c -g -O2  conftest.c >&5
configure:17622: $? = 0
configure:17622: gcc -c -g -O2  conftest.c >&5
conftest.c: In function 'main':
conftest.c:97:22: error: expected expression before ')' token
 if (sizeof ((ssize_t)))
                      ^
configure:17622: $? = 1
configure: failed program was:
| /* confdefs.h */
| #define PACKAGE_NAME "libmodbus"
| #define PACKAGE_TARNAME "libmodbus"
| #define PACKAGE_VERSION "3.1.4"
| #define PACKAGE_STRING "libmodbus 3.1.4"
| #define PACKAGE_BUGREPORT "https://github.com/stephane/libmodbus/issues"
| #define PACKAGE_URL "http://libmodbus.org/"
| #define PACKAGE "libmodbus"
| #define VERSION "3.1.4"
| #define STDC_HEADERS 1
| #define HAVE_SYS_TYPES_H 1
| #define HAVE_SYS_STAT_H 1
| #define HAVE_STDLIB_H 1
| #define HAVE_STRING_H 1
| #define HAVE_MEMORY_H 1
| #define HAVE_STRINGS_H 1
| #define HAVE_INTTYPES_H 1
| #define HAVE_STDINT_H 1
| #define HAVE_UNISTD_H 1
| #define __EXTENSIONS__ 1
| #define _ALL_SOURCE 1
| #define _GNU_SOURCE 1
| #define _POSIX_PTHREAD_SEMANTICS 1
| #define _TANDEM_SOURCE 1
| #define _FILE_OFFSET_BITS 64
| #define HAVE_DLFCN_H 1
| #define LT_OBJDIR ".libs/"
| #define HAVE_ARPA_INET_H 1
| #define HAVE_BYTESWAP_H 1
| #define HAVE_ERRNO_H 1
| #define HAVE_FCNTL_H 1
| #define HAVE_LIMITS_H 1
| #define HAVE_LINUX_SERIAL_H 1
| #define HAVE_NETDB_H 1
| #define HAVE_NETINET_IN_H 1
| #define HAVE_NETINET_TCP_H 1
| #define HAVE_SYS_IOCTL_H 1
| #define HAVE_SYS_SOCKET_H 1
| #define HAVE_SYS_TIME_H 1
| #define HAVE_SYS_TYPES_H 1
| #define HAVE_TERMIOS_H 1
| #define HAVE_TIME_H 1
| #define HAVE_UNISTD_H 1
| #define HAVE_DECL___CYGWIN__ 0
| #define HAVE_FORK 1
| #define HAVE_VFORK 1
| #define HAVE_WORKING_VFORK 1
| #define HAVE_WORKING_FORK 1
| #define HAVE_STDLIB_H 1
| #define HAVE_MALLOC 1
| #define HAVE_ACCEPT4 1
| #define HAVE_GETADDRINFO 1
| #define HAVE_GETTIMEOFDAY 1
| #define HAVE_INET_NTOA 1
| #define HAVE_MEMSET 1
| #define HAVE_SELECT 1
| #define HAVE_SOCKET 1
| #define HAVE_STRERROR 1
| #define WINVER 0x0501
| /* end confdefs.h.  */
| #include <stdio.h>
| #ifdef HAVE_SYS_TYPES_H
| # include <sys/types.h>
| #endif
| #ifdef HAVE_SYS_STAT_H
| # include <sys/stat.h>
| #endif
| #ifdef STDC_HEADERS
| # include <stdlib.h>
| # include <stddef.h>
| #else
| # ifdef HAVE_STDLIB_H
| #  include <stdlib.h>
| # endif
| #endif
| #ifdef HAVE_STRING_H
| # if !defined STDC_HEADERS && defined HAVE_MEMORY_H
| #  include <memory.h>
| # endif
| # include <string.h>
| #endif
| #ifdef HAVE_STRINGS_H
| # include <strings.h>
| #endif
| #ifdef HAVE_INTTYPES_H
| # include <inttypes.h>
| #endif
| #ifdef HAVE_STDINT_H
| # include <stdint.h>
| #endif
| #ifdef HAVE_UNISTD_H
| # include <unistd.h>
| #endif
| int
| main ()
| {
| if (sizeof ((ssize_t)))
| 	    return 0;
|   ;
|   return 0;
| }
configure:17622: result: yes
configure:17633: checking for uint16_t
configure:17633: gcc -c -g -O2  conftest.c >&5
configure:17633: $? = 0
configure:17633: result: yes
configure:17645: checking for uint32_t
configure:17645: gcc -c -g -O2  conftest.c >&5
configure:17645: $? = 0
configure:17645: result: yes
configure:17659: checking for uint8_t
configure:17659: gcc -c -g -O2  conftest.c >&5
configure:17659: $? = 0
configure:17659: result: yes
configure:17678: checking winsock2.h usability
configure:17678: gcc -c -g -O2  conftest.c >&5
conftest.c:94:22: fatal error: winsock2.h: No such file or directory
 #include <winsock2.h>
                      ^
compilation terminated.
configure:17678: $? = 1
configure: failed program was:
| /* confdefs.h */
| #define PACKAGE_NAME "libmodbus"
| #define PACKAGE_TARNAME "libmodbus"
| #define PACKAGE_VERSION "3.1.4"
| #define PACKAGE_STRING "libmodbus 3.1.4"
| #define PACKAGE_BUGREPORT "https://github.com/stephane/libmodbus/issues"
| #define PACKAGE_URL "http://libmodbus.org/"
| #define PACKAGE "libmodbus"
| #define VERSION "3.1.4"
| #define STDC_HEADERS 1
| #define HAVE_SYS_TYPES_H 1
| #define HAVE_SYS_STAT_H 1
| #define HAVE_STDLIB_H 1
| #define HAVE_STRING_H 1
| #define HAVE_MEMORY_H 1
| #define HAVE_STRINGS_H 1
| #define HAVE_INTTYPES_H 1
| #define HAVE_STDINT_H 1
| #define HAVE_UNISTD_H 1
| #define __EXTENSIONS__ 1
| #define _ALL_SOURCE 1
| #define _GNU_SOURCE 1
| #define _POSIX_PTHREAD_SEMANTICS 1
| #define _TANDEM_SOURCE 1
| #define _FILE_OFFSET_BITS 64
| #define HAVE_DLFCN_H 1
| #define LT_OBJDIR ".libs/"
| #define HAVE_ARPA_INET_H 1
| #define HAVE_BYTESWAP_H 1
| #define HAVE_ERRNO_H 1
| #define HAVE_FCNTL_H 1
| #define HAVE_LIMITS_H 1
| #define HAVE_LINUX_SERIAL_H 1
| #define HAVE_NETDB_H 1
| #define HAVE_NETINET_IN_H 1
| #define HAVE_NETINET_TCP_H 1
| #define HAVE_SYS_IOCTL_H 1
| #define HAVE_SYS_SOCKET_H 1
| #define HAVE_SYS_TIME_H 1
| #define HAVE_SYS_TYPES_H 1
| #define HAVE_TERMIOS_H 1
| #define HAVE_TIME_H 1
| #define HAVE_UNISTD_H 1
| #define HAVE_DECL___CYGWIN__ 0
| #define HAVE_FORK 1
| #define HAVE_VFORK 1
| #define HAVE_WORKING_VFORK 1
| #define HAVE_WORKING_FORK 1
| #define HAVE_STDLIB_H 1
| #define HAVE_MALLOC 1
| #define HAVE_ACCEPT4 1
| #define HAVE_GETADDRINFO 1
| #define HAVE_GETTIMEOFDAY 1
| #define HAVE_INET_NTOA 1
| #define HAVE_MEMSET 1
| #define HAVE_SELECT 1
| #define HAVE_SOCKET 1
| #define HAVE_STRERROR 1
| #define WINVER 0x0501
| /* end confdefs.h.  */
| #include <stdio.h>
| #ifdef HAVE_SYS_TYPES_H
| # include <sys/types.h>
| #endif
| #ifdef HAVE_SYS_STAT_H
| # include <sys/stat.h>
| #endif
| #ifdef STDC_HEADERS
| # include <stdlib.h>
| # include <stddef.h>
| #else
| # ifdef HAVE_STDLIB_H
| #  include <stdlib.h>
| # endif
| #endif
| #ifdef HAVE_STRING_H
| # if !defined STDC_HEADERS && defined HAVE_MEMORY_H
| #  include <memory.h>
| # endif
| # include <string.h>
| #endif
| #ifdef HAVE_STRINGS_H
| # include <strings.h>
| #endif
| #ifdef HAVE_INTTYPES_H
| # include <inttypes.h>
| #endif
| #ifdef HAVE_STDINT_H
| # include <stdint.h>
| #endif
| #ifdef HAVE_UNISTD_H
| # include <unistd.h>
| #endif
| #include <winsock2.h>
configure:17678: result: no
configure:17678: checking winsock2.h presence
configure:17678: gcc -E  conftest.c
conftest.c:61:22: fatal error: winsock2.h: No such file or directory
 #include <winsock2.h>
                      ^
compilation terminated.
configure:17678: $? = 1
configure: failed program was:
| /* confdefs.h */
| #define PACKAGE_NAME "libmodbus"
| #define PACKAGE_TARNAME "libmodbus"
| #define PACKAGE_VERSION "3.1.4"
| #define PACKAGE_STRING "libmodbus 3.1.4"
| #define PACKAGE_BUGREPORT "https://github.com/stephane/libmodbus/issues"
| #define PACKAGE_URL "http://libmodbus.org/"
| #define PACKAGE "libmodbus"
| #define VERSION "3.1.4"
| #define STDC_HEADERS 1
| #define HAVE_SYS_TYPES_H 1
| #define HAVE_SYS_STAT_H 1
| #define HAVE_STDLIB_H 1
| #define HAVE_STRING_H 1
| #define HAVE_MEMORY_H 1
| #define HAVE_STRINGS_H 1
| #define HAVE_INTTYPES_H 1
| #define HAVE_STDINT_H 1
| #define HAVE_UNISTD_H 1
| #define __EXTENSIONS__ 1
| #define _ALL_SOURCE 1
| #define _GNU_SOURCE 1
| #define _POSIX_PTHREAD_SEMANTICS 1
| #define _TANDEM_SOURCE 1
| #define _FILE_OFFSET_BITS 64
| #define HAVE_DLFCN_H 1
| #define LT_OBJDIR ".libs/"
| #define HAVE_ARPA_INET_H 1
| #define HAVE_BYTESWAP_H 1
| #define HAVE_ERRNO_H 1
| #define HAVE_FCNTL_H 1
| #define HAVE_LIMITS_H 1
| #define HAVE_LINUX_SERIAL_H 1
| #define HAVE_NETDB_H 1
| #define HAVE_NETINET_IN_H 1
| #define HAVE_NETINET_TCP_H 1
| #define HAVE_SYS_IOCTL_H 1
| #define HAVE_SYS_SOCKET_H 1
| #define HAVE_SYS_TIME_H 1
| #define HAVE_SYS_TYPES_H 1
| #define HAVE_TERMIOS_H 1
| #define HAVE_TIME_H 1
| #define HAVE_UNISTD_H 1
| #define HAVE_DECL___CYGWIN__ 0
| #define HAVE_FORK 1
| #define HAVE_VFORK 1
| #define HAVE_WORKING_VFORK 1
| #define HAVE_WORKING_FORK 1
| #define HAVE_STDLIB_H 1
| #define HAVE_MALLOC 1
| #define HAVE_ACCEPT4 1
| #define HAVE_GETADDRINFO 1
| #define HAVE_GETTIMEOFDAY 1
| #define HAVE_INET_NTOA 1
| #define HAVE_MEMSET 1
| #define HAVE_SELECT 1
| #define HAVE_SOCKET 1
| #define HAVE_STRERROR 1
| #define WINVER 0x0501
| /* end confdefs.h.  */
| #include <winsock2.h>
configure:17678: result: no
configure:17678: checking for winsock2.h
configure:17678: result: no
configure:17695: checking whether TIOCSRS485 is declared
configure:17695: gcc -c -g -O2  conftest.c >&5
configure:17695: $? = 0
configure:17695: result: yes
configure:17708: checking whether TIOCM_RTS is declared
configure:17708: gcc -c -g -O2  conftest.c >&5
configure:17708: $? = 0
configure:17708: result: yes
configure:17861: checking that generated files are newer than configure
configure:17867: result: done
configure:17910: creating ./config.status

## ---------------------- ##
## Running config.status. ##
## ---------------------- ##

This file was extended by libmodbus config.status 3.1.4, which was
generated by GNU Autoconf 2.69.  Invocation command line was

  CONFIG_FILES    = 
  CONFIG_HEADERS  = 
  CONFIG_LINKS    = 
  CONFIG_COMMANDS = 
  $ ./config.status 

on raspberrypi

config.status:1214: creating Makefile
config.status:1214: creating src/Makefile
config.status:1214: creating src/modbus-version.h
config.status:1214: creating src/win32/modbus.dll.manifest
config.status:1214: creating tests/Makefile
config.status:1214: creating doc/Makefile
config.status:1214: creating libmodbus.pc
config.status:1214: creating config.h
config.status:1214: creating tests/unit-test.h
config.status:1443: executing depfiles commands
config.status:1443: executing libtool commands
configure:20345: result:
        libmodbus 3.1.4
        ===============

        prefix:                 /usr/local
        sysconfdir:             ${prefix}/etc
        libdir:                 ${exec_prefix}/lib
        includedir:             ${prefix}/include

        compiler:               gcc
        cflags:                 -g -O2
        ldflags:                

        documentation:          no
        tests:                  yes


## ---------------- ##
## Cache variables. ##
## ---------------- ##

ac_cv_build=armv7l-unknown-linux-gnueabihf
ac_cv_c_compiler_gnu=yes
ac_cv_c_inline=inline
ac_cv_c_int64_t=yes
ac_cv_c_uint16_t=yes
ac_cv_c_uint32_t=yes
ac_cv_c_uint8_t=yes
ac_cv_cxx_compiler_gnu=yes
ac_cv_env_CCC_set=
ac_cv_env_CCC_value=
ac_cv_env_CC_set=
ac_cv_env_CC_value=
ac_cv_env_CFLAGS_set=
ac_cv_env_CFLAGS_value=
ac_cv_env_CPPFLAGS_set=
ac_cv_env_CPPFLAGS_value=
ac_cv_env_CPP_set=
ac_cv_env_CPP_value=
ac_cv_env_CXXCPP_set=
ac_cv_env_CXXCPP_value=
ac_cv_env_CXXFLAGS_set=
ac_cv_env_CXXFLAGS_value=
ac_cv_env_CXX_set=
ac_cv_env_CXX_value=
ac_cv_env_LDFLAGS_set=
ac_cv_env_LDFLAGS_value=
ac_cv_env_LIBS_set=
ac_cv_env_LIBS_value=
ac_cv_env_LT_SYS_LIBRARY_PATH_set=
ac_cv_env_LT_SYS_LIBRARY_PATH_value=
ac_cv_env_build_alias_set=
ac_cv_env_build_alias_value=
ac_cv_env_host_alias_set=
ac_cv_env_host_alias_value=
ac_cv_env_target_alias_set=
ac_cv_env_target_alias_value=
ac_cv_func_accept4=yes
ac_cv_func_fork=yes
ac_cv_func_fork_works=yes
ac_cv_func_getaddrinfo=yes
ac_cv_func_gettimeofday=yes
ac_cv_func_inet_ntoa=yes
ac_cv_func_malloc_0_nonnull=yes
ac_cv_func_memset=yes
ac_cv_func_select=yes
ac_cv_func_socket=yes
ac_cv_func_strerror=yes
ac_cv_func_strlcpy=no
ac_cv_func_vfork=yes
ac_cv_func_vfork_works=yes
ac_cv_have_decl_TIOCM_RTS=yes
ac_cv_have_decl_TIOCSRS485=yes
ac_cv_have_decl___CYGWIN__=no
ac_cv_header_arpa_inet_h=yes
ac_cv_header_byteswap_h=yes
ac_cv_header_dlfcn_h=yes
ac_cv_header_errno_h=yes
ac_cv_header_fcntl_h=yes
ac_cv_header_inttypes_h=yes
ac_cv_header_limits_h=yes
ac_cv_header_linux_serial_h=yes
ac_cv_header_memory_h=yes
ac_cv_header_minix_config_h=no
ac_cv_header_netdb_h=yes
ac_cv_header_netinet_in_h=yes
ac_cv_header_netinet_tcp_h=yes
ac_cv_header_stdc=yes
ac_cv_header_stdint_h=yes
ac_cv_header_stdlib_h=yes
ac_cv_header_string_h=yes
ac_cv_header_strings_h=yes
ac_cv_header_sys_ioctl_h=yes
ac_cv_header_sys_params_h=no
ac_cv_header_sys_socket_h=yes
ac_cv_header_sys_stat_h=yes
ac_cv_header_sys_time_h=yes
ac_cv_header_sys_types_h=yes
ac_cv_header_termios_h=yes
ac_cv_header_time_h=yes
ac_cv_header_unistd_h=yes
ac_cv_header_vfork_h=no
ac_cv_header_winsock2_h=no
ac_cv_host=armv7l-unknown-linux-gnueabihf
ac_cv_objext=o
ac_cv_path_EGREP='/bin/grep -E'
ac_cv_path_FGREP='/bin/grep -F'
ac_cv_path_GREP=/bin/grep
ac_cv_path_SED=/bin/sed
ac_cv_path_install='/usr/bin/install -c'
ac_cv_path_lt_DD=/bin/dd
ac_cv_path_mkdir=/bin/mkdir
ac_cv_prog_AWK=mawk
ac_cv_prog_CPP='gcc -E'
ac_cv_prog_CXXCPP='g++ -E'
ac_cv_prog_ac_ct_AR=ar
ac_cv_prog_ac_ct_CC=gcc
ac_cv_prog_ac_ct_CXX=g++
ac_cv_prog_ac_ct_MANIFEST_TOOL=mt
ac_cv_prog_ac_ct_OBJDUMP=objdump
ac_cv_prog_ac_ct_RANLIB=ranlib
ac_cv_prog_ac_ct_STRIP=strip
ac_cv_prog_ac_libmodbus_have_asciidoc=no
ac_cv_prog_ac_libmodbus_have_xmlto=no
ac_cv_prog_cc_c89=
ac_cv_prog_cc_c99=
ac_cv_prog_cc_g=yes
ac_cv_prog_cc_stdc=
ac_cv_prog_cxx_g=yes
ac_cv_prog_make_make_set=yes
ac_cv_safe_to_define___extensions__=yes
ac_cv_sys_file_offset_bits=64
ac_cv_sys_largefile_CC=no
ac_cv_type_pid_t=yes
ac_cv_type_size_t=yes
ac_cv_type_ssize_t=yes
am_cv_CC_dependencies_compiler_type=gcc3
am_cv_CXX_dependencies_compiler_type=gcc3
am_cv_make_support_nested_variables=yes
am_cv_prog_cc_c_o=yes
am_cv_prog_tar_pax=gnutar
lt_cv_ar_at_file=@
lt_cv_archive_cmds_need_lc=no
lt_cv_deplibs_check_method=pass_all
lt_cv_file_magic_cmd='$MAGIC_CMD'
lt_cv_file_magic_test_file=
lt_cv_ld_reload_flag=-r
lt_cv_nm_interface='BSD nm'
lt_cv_objdir=.libs
lt_cv_path_LD=/usr/bin/ld
lt_cv_path_LDCXX=/usr/bin/ld
lt_cv_path_NM='/usr/bin/nm -B'
lt_cv_path_mainfest_tool=no
lt_cv_prog_compiler_c_o=yes
lt_cv_prog_compiler_c_o_CXX=yes
lt_cv_prog_compiler_pic='-fPIC -DPIC'
lt_cv_prog_compiler_pic_CXX='-fPIC -DPIC'
lt_cv_prog_compiler_pic_works=yes
lt_cv_prog_compiler_pic_works_CXX=yes
lt_cv_prog_compiler_rtti_exceptions=no
lt_cv_prog_compiler_static_works=yes
lt_cv_prog_compiler_static_works_CXX=yes
lt_cv_prog_gnu_ld=yes
lt_cv_prog_gnu_ldcxx=yes
lt_cv_sharedlib_from_linklib_cmd='printf %s\n'
lt_cv_shlibpath_overrides_runpath=no
lt_cv_sys_global_symbol_pipe='sed -n -e '\''s/^.*[	 ]\([ABCDGIRSTW][ABCDGIRSTW]*\)[	 ][	 ]*\([_A-Za-z][_A-Za-z0-9]*\)$/\1 \2 \2/p'\'' | sed '\''/ __gnu_lto/d'\'''
lt_cv_sys_global_symbol_to_c_name_address='sed -n -e '\''s/^: \(.*\) .*$/  {"\1", (void *) 0},/p'\'' -e '\''s/^[ABCDGIRSTW][ABCDGIRSTW]* .* \(.*\)$/  {"\1", (void *) \&\1},/p'\'''
lt_cv_sys_global_symbol_to_c_name_address_lib_prefix='sed -n -e '\''s/^: \(.*\) .*$/  {"\1", (void *) 0},/p'\'' -e '\''s/^[ABCDGIRSTW][ABCDGIRSTW]* .* \(lib.*\)$/  {"\1", (void *) \&\1},/p'\'' -e '\''s/^[ABCDGIRSTW][ABCDGIRSTW]* .* \(.*\)$/  {"lib\1", (void *) \&\1},/p'\'''
lt_cv_sys_global_symbol_to_cdecl='sed -n -e '\''s/^T .* \(.*\)$/extern int \1();/p'\'' -e '\''s/^[ABCDGIRSTW][ABCDGIRSTW]* .* \(.*\)$/extern char \1;/p'\'''
lt_cv_sys_global_symbol_to_import=
lt_cv_sys_max_cmd_len=1572864
lt_cv_to_host_file_cmd=func_convert_file_noop
lt_cv_to_tool_file_cmd=func_convert_file_noop
lt_cv_truncate_bin='/bin/dd bs=4096 count=1'

## ----------------- ##
## Output variables. ##
## ----------------- ##

ACLOCAL='${SHELL} /home/pi/OpenPLC_v3/utils/libmodbus_src/build-aux/missing aclocal-1.15'
AMDEPBACKSLASH='\'
AMDEP_FALSE='#'
AMDEP_TRUE=''
AMTAR='$${TAR-tar}'
AM_BACKSLASH='\'
AM_DEFAULT_V='$(AM_DEFAULT_VERBOSITY)'
AM_DEFAULT_VERBOSITY='0'
AM_V='$(V)'
AR='ar'
AS='as'
AUTOCONF='${SHELL} /home/pi/OpenPLC_v3/utils/libmodbus_src/build-aux/missing autoconf'
AUTOHEADER='${SHELL} /home/pi/OpenPLC_v3/utils/libmodbus_src/build-aux/missing autoheader'
AUTOMAKE='${SHELL} /home/pi/OpenPLC_v3/utils/libmodbus_src/build-aux/missing automake-1.15'
AWK='mawk'
BUILD_DOC_FALSE=''
BUILD_DOC_TRUE='#'
BUILD_TESTS_FALSE='#'
BUILD_TESTS_TRUE=''
CC='gcc'
CCDEPMODE='depmode=gcc3'
CFLAGS='-g -O2'
CPP='gcc -E'
CPPFLAGS=''
CXX='g++'
CXXCPP='g++ -E'
CXXDEPMODE='depmode=gcc3'
CXXFLAGS='-g -O2'
CYGPATH_W='echo'
DEFS='-DHAVE_CONFIG_H'
DEPDIR='.deps'
DLLTOOL='false'
DSYMUTIL=''
DUMPBIN=''
ECHO_C=''
ECHO_N='-n'
ECHO_T=''
EGREP='/bin/grep -E'
EXEEXT=''
FGREP='/bin/grep -F'
GREP='/bin/grep'
INSTALL_DATA='${INSTALL} -m 644'
INSTALL_PROGRAM='${INSTALL}'
INSTALL_SCRIPT='${INSTALL}'
INSTALL_STRIP_PROGRAM='$(install_sh) -c -s'
LD='/usr/bin/ld'
LDFLAGS=''
LIBMODBUS_LT_VERSION_INFO='6:0:1'
LIBMODBUS_VERSION='3.1.4'
LIBMODBUS_VERSION_MAJOR='3'
LIBMODBUS_VERSION_MICRO='4'
LIBMODBUS_VERSION_MINOR='1'
LIBOBJS=''
LIBS=''
LIBTOOL='$(SHELL) $(top_builddir)/libtool'
LIPO=''
LN_S='ln -s'
LTLIBOBJS=''
LT_SYS_LIBRARY_PATH=''
MAKEINFO='${SHELL} /home/pi/OpenPLC_v3/utils/libmodbus_src/build-aux/missing makeinfo'
MANIFEST_TOOL=':'
MKDIR_P='/bin/mkdir -p'
NM='/usr/bin/nm -B'
NMEDIT=''
OBJDUMP='objdump'
OBJEXT='o'
OS_QNX_FALSE=''
OS_QNX_TRUE='#'
OS_WIN32_FALSE=''
OS_WIN32_TRUE='#'
OTOOL64=''
OTOOL=''
PACKAGE='libmodbus'
PACKAGE_BUGREPORT='https://github.com/stephane/libmodbus/issues'
PACKAGE_NAME='libmodbus'
PACKAGE_STRING='libmodbus 3.1.4'
PACKAGE_TARNAME='libmodbus'
PACKAGE_URL='http://libmodbus.org/'
PACKAGE_VERSION='3.1.4'
PATH_SEPARATOR=':'
RANLIB='ranlib'
SED='/bin/sed'
SET_MAKE=''
SHELL='/bin/bash'
STRIP='strip'
VERSION='3.1.4'
ac_ct_AR='ar'
ac_ct_CC='gcc'
ac_ct_CXX='g++'
ac_ct_DUMPBIN=''
ac_libmodbus_have_asciidoc='no'
ac_libmodbus_have_xmlto='no'
am__EXEEXT_FALSE=''
am__EXEEXT_TRUE='#'
am__fastdepCC_FALSE='#'
am__fastdepCC_TRUE=''
am__fastdepCXX_FALSE='#'
am__fastdepCXX_TRUE=''
am__include='include'
am__isrc=''
am__leading_dot='.'
am__nodep='_no'
am__quote=''
am__tar='tar --format=posix -chf - "$$tardir"'
am__untar='tar -xf -'
bindir='${exec_prefix}/bin'
build='armv7l-unknown-linux-gnueabihf'
build_alias=''
build_cpu='armv7l'
build_os='linux-gnueabihf'
build_vendor='unknown'
datadir='${datarootdir}'
datarootdir='${prefix}/share'
docdir='${datarootdir}/doc/${PACKAGE_TARNAME}'
dvidir='${docdir}'
exec_prefix='${prefix}'
host='armv7l-unknown-linux-gnueabihf'
host_alias=''
host_cpu='armv7l'
host_os='linux-gnueabihf'
host_vendor='unknown'
htmldir='${docdir}'
includedir='${prefix}/include'
infodir='${datarootdir}/info'
install_sh='${SHELL} /home/pi/OpenPLC_v3/utils/libmodbus_src/build-aux/install-sh'
libdir='${exec_prefix}/lib'
libexecdir='${exec_prefix}/libexec'
localedir='${datarootdir}/locale'
localstatedir='${prefix}/var'
mandir='${datarootdir}/man'
mkdir_p='$(MKDIR_P)'
my_CFLAGS='-Wall -Wmissing-declarations -Wmissing-prototypes -Wnested-externs -Wpointer-arith -Wpointer-arith -Wsign-compare -Wchar-subscripts -Wstrict-prototypes -Wshadow -Wformat-security'
oldincludedir='/usr/include'
pdfdir='${docdir}'
prefix='/usr/local'
program_transform_name='s,x,x,'
psdir='${docdir}'
runstatedir='${localstatedir}/run'
sbindir='${exec_prefix}/sbin'
sharedstatedir='${prefix}/com'
sysconfdir='${prefix}/etc'
target_alias=''

## ----------- ##
## confdefs.h. ##
## ----------- ##

/* confdefs.h */
#define PACKAGE_NAME "libmodbus"
#define PACKAGE_TARNAME "libmodbus"
#define PACKAGE_VERSION "3.1.4"
#define PACKAGE_STRING "libmodbus 3.1.4"
#define PACKAGE_BUGREPORT "https://github.com/stephane/libmodbus/issues"
#define PACKAGE_URL "http://libmodbus.org/"
#define PACKAGE "libmodbus"
#define VERSION "3.1.4"
#define STDC_HEADERS 1
#define HAVE_SYS_TYPES_H 1
#define HAVE_SYS_STAT_H 1
#define HAVE_STDLIB_H 1
#define HAVE_STRING_H 1
#define HAVE_MEMORY_H 1
#define HAVE_STRINGS_H 1
#define HAVE_INTTYPES_H 1
#define HAVE_STDINT_H 1
#define HAVE_UNISTD_H 1
#define __EXTENSIONS__ 1
#define _ALL_SOURCE 1
#define _GNU_SOURCE 1
#define _POSIX_PTHREAD_SEMANTICS 1
#define _TANDEM_SOURCE 1
#define _FILE_OFFSET_BITS 64
#define HAVE_DLFCN_H 1
#define LT_OBJDIR ".libs/"
#define HAVE_ARPA_INET_H 1
#define HAVE_BYTESWAP_H 1
#define HAVE_ERRNO_H 1
#define HAVE_FCNTL_H 1
#define HAVE_LIMITS_H 1
#define HAVE_LINUX_SERIAL_H 1
#define HAVE_NETDB_H 1
#define HAVE_NETINET_IN_H 1
#define HAVE_NETINET_TCP_H 1
#define HAVE_SYS_IOCTL_H 1
#define HAVE_SYS_SOCKET_H 1
#define HAVE_SYS_TIME_H 1
#define HAVE_SYS_TYPES_H 1
#define HAVE_TERMIOS_H 1
#define HAVE_TIME_H 1
#define HAVE_UNISTD_H 1
#define HAVE_DECL___CYGWIN__ 0
#define HAVE_FORK 1
#define HAVE_VFORK 1
#define HAVE_WORKING_VFORK 1
#define HAVE_WORKING_FORK 1
#define HAVE_STDLIB_H 1
#define HAVE_MALLOC 1
#define HAVE_ACCEPT4 1
#define HAVE_GETADDRINFO 1
#define HAVE_GETTIMEOFDAY 1
#define HAVE_INET_NTOA 1
#define HAVE_MEMSET 1
#define HAVE_SELECT 1
#define HAVE_SOCKET 1
#define HAVE_STRERROR 1
#define WINVER 0x0501
#define HAVE_DECL_TIOCSRS485 1
#define HAVE_DECL_TIOCM_RTS 1

configure: exit 0
