Determining if the pthread_create exist failed with the following output:
Change Dir: /home/pi/OpenPLC_v3/utils/dnp3_src/CMakeFiles/CMakeTmp

Run Build Command:"/usr/bin/make" "cmTC_1b2a0/fast"
/usr/bin/make -f CMakeFiles/cmTC_1b2a0.dir/build.make CMakeFiles/cmTC_1b2a0.dir/build
make[1]: Entering directory '/home/pi/OpenPLC_v3/utils/dnp3_src/CMakeFiles/CMakeTmp'
Building C object CMakeFiles/cmTC_1b2a0.dir/CheckSymbolExists.c.o
/usr/bin/cc     -o CMakeFiles/cmTC_1b2a0.dir/CheckSymbolExists.c.o   -c /home/pi/OpenPLC_v3/utils/dnp3_src/CMakeFiles/CMakeTmp/CheckSymbolExists.c
Linking C executable cmTC_1b2a0
/usr/bin/cmake -E cmake_link_script CMakeFiles/cmTC_1b2a0.dir/link.txt --verbose=1
/usr/bin/cc       CMakeFiles/cmTC_1b2a0.dir/CheckSymbolExists.c.o  -o cmTC_1b2a0 -rdynamic 
CMakeFiles/cmTC_1b2a0.dir/CheckSymbolExists.c.o: In function `main':
CheckSymbolExists.c:(.text+0x38): undefined reference to `pthread_create'
collect2: error: ld returned 1 exit status
CMakeFiles/cmTC_1b2a0.dir/build.make:97: recipe for target 'cmTC_1b2a0' failed
make[1]: *** [cmTC_1b2a0] Error 1
make[1]: Leaving directory '/home/pi/OpenPLC_v3/utils/dnp3_src/CMakeFiles/CMakeTmp'
Makefile:126: recipe for target 'cmTC_1b2a0/fast' failed
make: *** [cmTC_1b2a0/fast] Error 2

File /home/pi/OpenPLC_v3/utils/dnp3_src/CMakeFiles/CMakeTmp/CheckSymbolExists.c:
/* */
#include <pthread.h>

int main(int argc, char** argv)
{
  (void)argv;
#ifndef pthread_create
  return ((int*)(&pthread_create))[argc];
#else
  (void)argc;
  return 0;
#endif
}

Determining if the function pthread_create exists in the pthreads failed with the following output:
Change Dir: /home/pi/OpenPLC_v3/utils/dnp3_src/CMakeFiles/CMakeTmp

Run Build Command:"/usr/bin/make" "cmTC_71a08/fast"
/usr/bin/make -f CMakeFiles/cmTC_71a08.dir/build.make CMakeFiles/cmTC_71a08.dir/build
make[1]: Entering directory '/home/pi/OpenPLC_v3/utils/dnp3_src/CMakeFiles/CMakeTmp'
Building C object CMakeFiles/cmTC_71a08.dir/CheckFunctionExists.c.o
/usr/bin/cc    -DCHECK_FUNCTION_EXISTS=pthread_create   -o CMakeFiles/cmTC_71a08.dir/CheckFunctionExists.c.o   -c /usr/share/cmake-3.7/Modules/CheckFunctionExists.c
Linking C executable cmTC_71a08
/usr/bin/cmake -E cmake_link_script CMakeFiles/cmTC_71a08.dir/link.txt --verbose=1
/usr/bin/cc   -DCHECK_FUNCTION_EXISTS=pthread_create    CMakeFiles/cmTC_71a08.dir/CheckFunctionExists.c.o  -o cmTC_71a08 -rdynamic -lpthreads 
/usr/bin/ld: cannot find -lpthreads
collect2: error: ld returned 1 exit status
CMakeFiles/cmTC_71a08.dir/build.make:97: recipe for target 'cmTC_71a08' failed
make[1]: *** [cmTC_71a08] Error 1
make[1]: Leaving directory '/home/pi/OpenPLC_v3/utils/dnp3_src/CMakeFiles/CMakeTmp'
Makefile:126: recipe for target 'cmTC_71a08/fast' failed
make: *** [cmTC_71a08/fast] Error 2


